Change Component Designator: OldDesignator=C8 NewDesignator=C9
Change Component Designator: OldDesignator=C9 NewDesignator=C10
Change Component Designator: OldDesignator=C13 NewDesignator=C14
Change Component Designator: OldDesignator=C14 NewDesignator=C8
Change Component Designator: OldDesignator=C17 NewDesignator=C18
Change Component Designator: OldDesignator=C18 NewDesignator=C17
Change Component Designator: OldDesignator=R22 NewDesignator=R24
Change Component Designator: OldDesignator=R23 NewDesignator=R22
Change Component Designator: OldDesignator=R24 NewDesignator=R25
Change Component Designator: OldDesignator=R25 NewDesignator=R27
Change Component Designator: OldDesignator=R26 NewDesignator=R28
Change Component Designator: OldDesignator=R27 NewDesignator=R23
Change Component Designator: OldDesignator=R28 NewDesignator=R26
Change Component Designator: OldDesignator=R29 NewDesignator=R30
Change Component Designator: OldDesignator=R30 NewDesignator=R31
Change Component Designator: OldDesignator=R31 NewDesignator=R29
Change Component Designator: OldDesignator=R32 NewDesignator=R33
Change Component Designator: OldDesignator=R33 NewDesignator=R32
Change Component Designator: OldDesignator=R34 NewDesignator=R35
Change Component Designator: OldDesignator=R35 NewDesignator=R36
Change Component Designator: OldDesignator=R36 NewDesignator=R37
Change Component Designator: OldDesignator=R37 NewDesignator=R38
Change Component Designator: OldDesignator=R38 NewDesignator=R39
Change Component Designator: OldDesignator=SW4 NewDesignator=SW5
Change Component Designator: OldDesignator=SW5 NewDesignator=SW4
Change Component Designator: OldDesignator=U4 NewDesignator=U5
Change Component Designator: OldDesignator=U5 NewDesignator=U6
Change Component Designator: OldDesignator=U6 NewDesignator=U7
Change Component Designator: OldDesignator=U7 NewDesignator=U8
Change Component Designator: OldDesignator=U8 NewDesignator=U9
Change Component Designator: OldDesignator=U9 NewDesignator=U10
Change Component Designator: OldDesignator=U10 NewDesignator=U11
Added Component: Designator=C20(CAP_SMD_1206)
Added Component: Designator=R34(Res_SMD_1206)
Added Component: Designator=SW7(Button6x6smd)
Added Component: Designator=U4(TQFP64)
Added Pin To Net: NetName=GND Pin=C20-1
Added Pin To Net: NetName=VDDA Pin=R34-1
Added Pin To Net: NetName=GND Pin=SW7-3
Added Pin To Net: NetName=GND Pin=SW7-4
Change Net Name : Old Net Name=BUT_RES_0 New Net Name=BUT_SET_1
Change Net Name : Old Net Name=BUT_RES_1 New Net Name=BUT_SET_2
Change Net Name : Old Net Name=BUT_RES_2 New Net Name=BUT_TURN_ON
Added Net: Name=BUT_RES_0
Added Net: Name=BUT_RES_1
Added Net: Name=BUT_RES_2
Added Pin To Net: NetName=BUT_TURN_OFF Pin=C20-2
Added Pin To Net: NetName=BUT_TURN_OFF Pin=R34-2
Added Pin To Net: NetName=BUT_TURN_OFF Pin=SW7-1
Added Pin To Net: NetName=BUT_TURN_OFF Pin=SW7-2
Added Net: Name=BUT_TURN_OFF
Added Member To Class: ClassName=SCH Member=Component C10 104
Added Member To Class: ClassName=SCH Member=Component C20 Cap_SMD
Added Member To Class: ClassName=SCH Member=Component R39 Res_SMD
Added Member To Class: ClassName=SCH Member=Component SW7 Button6x6
Added Member To Class: ClassName=SCH Member=Component U1 LM2576
Added Member To Class: ClassName=SCH Member=Component U11 PC817
