Removed Pin From Net: NetName=BUT_TURN_OFF Pin=U4-56
Change Component Designator: OldDesignator=C1 NewDesignator=C2
Change Component Designator: OldDesignator=C2 NewDesignator=C3
Change Component Designator: OldDesignator=C3 NewDesignator=C4
Change Component Designator: OldDesignator=C4 NewDesignator=C5
Change Component Designator: OldDesignator=C5 NewDesignator=C6
Change Component Designator: OldDesignator=C6 NewDesignator=C7
Change Component Designator: OldDesignator=C7 NewDesignator=C9
Change Component Designator: OldDesignator=C9 NewDesignator=C10
Change Component Designator: OldDesignator=C10 NewDesignator=C11
Change Component Designator: OldDesignator=C11 NewDesignator=C12
Change Component Designator: OldDesignator=C12 NewDesignator=C13
Change Component Designator: OldDesignator=C13 NewDesignator=C14
Change Component Designator: OldDesignator=C14 NewDesignator=C15
Change Component Designator: OldDesignator=C15 NewDesignator=C16
Change Component Designator: OldDesignator=C16 NewDesignator=C17
Change Component Designator: OldDesignator=C17 NewDesignator=C18
Change Component Designator: OldDesignator=C18 NewDesignator=C19
Change Component Designator: OldDesignator=C19 NewDesignator=C20
Change Component Designator: OldDesignator=C20 NewDesignator=C21
Change Component Designator: OldDesignator=C21 NewDesignator=C22
Change Component Designator: OldDesignator=D1 NewDesignator=D4
Change Component Designator: OldDesignator=D2 NewDesignator=D7
Change Component Designator: OldDesignator=D3 NewDesignator=D1
Change Component Designator: OldDesignator=D4 NewDesignator=D2
Change Component Designator: OldDesignator=D5 NewDesignator=D3
Change Component Designator: OldDesignator=D6 NewDesignator=D5
Change Component Designator: OldDesignator=D7 NewDesignator=D6
Change Component Designator: OldDesignator=R3 NewDesignator=R12
Change Component Designator: OldDesignator=R4 NewDesignator=R13
Change Component Designator: OldDesignator=R5 NewDesignator=R3
Change Component Designator: OldDesignator=R6 NewDesignator=R14
Change Component Designator: OldDesignator=R7 NewDesignator=R15
Change Component Designator: OldDesignator=R8 NewDesignator=R16
Change Component Designator: OldDesignator=R9 NewDesignator=R4
Change Component Designator: OldDesignator=R10 NewDesignator=R17
Change Component Designator: OldDesignator=R11 NewDesignator=R5
Change Component Designator: OldDesignator=R12 NewDesignator=R6
Change Component Designator: OldDesignator=R13 NewDesignator=R7
Change Component Designator: OldDesignator=R14 NewDesignator=R8
Change Component Designator: OldDesignator=R15 NewDesignator=R9
Change Component Designator: OldDesignator=R16 NewDesignator=R10
Change Component Designator: OldDesignator=R17 NewDesignator=R11
Change Component Designator: OldDesignator=R21 NewDesignator=R25
Change Component Designator: OldDesignator=R22 NewDesignator=R28
Change Component Designator: OldDesignator=R23 NewDesignator=R21
Change Component Designator: OldDesignator=R24 NewDesignator=R22
Change Component Designator: OldDesignator=R25 NewDesignator=R29
Change Component Designator: OldDesignator=R26 NewDesignator=R31
Change Component Designator: OldDesignator=R27 NewDesignator=R23
Change Component Designator: OldDesignator=R28 NewDesignator=R24
Change Component Designator: OldDesignator=R29 NewDesignator=R26
Change Component Designator: OldDesignator=R30 NewDesignator=R27
Change Component Designator: OldDesignator=R31 NewDesignator=R33
Change Component Designator: OldDesignator=R32 NewDesignator=R30
Change Component Designator: OldDesignator=R33 NewDesignator=R35
Change Component Designator: OldDesignator=R34 NewDesignator=R32
Change Component Designator: OldDesignator=R35 NewDesignator=R36
Change Component Designator: OldDesignator=R36 NewDesignator=R34
Change Component Designator: OldDesignator=R37 NewDesignator=R38
Change Component Designator: OldDesignator=R38 NewDesignator=R37
Added Component: Designator=C1(J10-D2T)
Added Pin To Net: NetName=LED_7_1 Pin=C1-1
Added Pin To Net: NetName=LED_7_2 Pin=C1-2
Added Pin To Net: NetName=LED_7_3 Pin=C1-3
Added Pin To Net: NetName=LED_7_4 Pin=C1-4
Added Pin To Net: NetName=LED_7_5 Pin=C1-5
Added Pin To Net: NetName=LED_7_6 Pin=C1-6
Added Pin To Net: NetName=LED_7_7 Pin=C1-7
Added Pin To Net: NetName=LED_7_8 Pin=C1-8
Added Pin To Net: NetName=+5_BUT Pin=C1-9
Added Pin To Net: NetName=GND Pin=C1-10
Added Pin To Net: NetName=BUT_IN_6 Pin=C1-11
Added Pin To Net: NetName=BUT_IN_5 Pin=C1-12
Added Pin To Net: NetName=BUT_IN_4 Pin=C1-13
Added Pin To Net: NetName=BUT_IN_3 Pin=C1-14
Added Pin To Net: NetName=BUT_IN_2 Pin=C1-15
Added Pin To Net: NetName=BUT_IN_1 Pin=C1-16
Added Pin To Net: NetName=OUT_LED_4 Pin=C1-17
Added Pin To Net: NetName=OUT_LED_3 Pin=C1-18
Added Pin To Net: NetName=OUT_LED_2 Pin=C1-19
Added Pin To Net: NetName=OUT_LED_1 Pin=C1-20
Added Pin To Net: NetName=ANALOG_1 Pin=U4-2
Added Pin To Net: NetName=ANALOG_2 Pin=U4-3
Added Pin To Net: NetName=ANALOG_3 Pin=U4-4
Added Pin To Net: NetName=ANALOG_4 Pin=U4-5
Added Pin To Net: NetName=GND Pin=U4-10
Added Pin To Net: NetName=VDDA Pin=U4-11
Added Pin To Net: NetName=DEBUG_UART_TX Pin=U4-12
Added Pin To Net: NetName=DEBUG_UART_RX Pin=U4-13
Added Pin To Net: NetName=GND Pin=U4-17
Added Pin To Net: NetName=LED_SDA Pin=U4-23
Added Pin To Net: NetName=LED_SCK Pin=U4-24
Added Pin To Net: NetName=LED_LATCH Pin=U4-25
Added Pin To Net: NetName=VDDA Pin=U4-26
Added Pin To Net: NetName=LED_SEG_1 Pin=U4-27
Added Pin To Net: NetName=LED_SEG_2 Pin=U4-28
Added Pin To Net: NetName=LED_SEG_3 Pin=U4-29
Added Pin To Net: NetName=LED_SEG_4 Pin=U4-30
Added Pin To Net: NetName=LED_1 Pin=U4-31
Added Pin To Net: NetName=LED_2 Pin=U4-32
Added Pin To Net: NetName=LED_3 Pin=U4-33
Added Pin To Net: NetName=BUT_1 Pin=U4-39
Added Pin To Net: NetName=BUT_2 Pin=U4-40
Added Pin To Net: NetName=BUT_3 Pin=U4-41
Added Pin To Net: NetName=BUT_4 Pin=U4-42
Added Pin To Net: NetName=BUT_5 Pin=U4-43
Added Pin To Net: NetName=BUT_6 Pin=U4-44
Added Pin To Net: NetName=XRES Pin=U4-47
Added Pin To Net: NetName=VCCD Pin=U4-48
Added Pin To Net: NetName=VDDA Pin=U4-56
Added Pin To Net: NetName=GND Pin=U4-57
Added Pin To Net: NetName=BUT_TURN_OFF Pin=U4-58
Change Net Name : Old Net Name=NetD2_2 New Net Name=NetD7_2
Change Net Name : Old Net Name=NetR9_1 New Net Name=NetR4_1
Change Net Name : Old Net Name=NetR11_1 New Net Name=NetR5_1
Change Net Name : Old Net Name=NetR12_1 New Net Name=NetR6_1
Change Net Name : Old Net Name=NetR13_1 New Net Name=NetR7_1
Change Net Name : Old Net Name=NetR14_1 New Net Name=NetR8_1
Change Net Name : Old Net Name=NetR15_1 New Net Name=NetR9_1
Change Net Name : Old Net Name=NetR16_1 New Net Name=NetR10_1
Change Net Name : Old Net Name=NetR17_1 New Net Name=NetR11_1
Added Member To Class: ClassName=SCH Member=Component C5 Cap_SMD
Added Member To Class: ClassName=SCH Member=Component C9 Cap_SMD
Added Member To Class: ClassName=SCH Member=Component C22 Cap_SMD
