Added Component: Designator=C1(CA-ALU-10BL)
Added Component: Designator=C2(CN1)
Added Component: Designator=C3(CA-ALU-10BL)
Added Component: Designator=DIO1(DIO-SMD-123)
Added Component: Designator=DIO2(DIO-SMD-123)
Added Component: Designator=L1(L-SMD-M-7.3x4.5)
Added Component: Designator=LED1(LED-0805-Blue)
Added Component: Designator=R1(RES-SMD-0201)
Added Component: Designator=U1(TO263)
Added Pin To Net: NetName=+5 Pin=C2-2
Added Pin To Net: NetName=+5 Pin=C3-1
Added Pin To Net: NetName=+5 Pin=L1-2
Added Pin To Net: NetName=+5 Pin=R1-1
Added Pin To Net: NetName=+5 Pin=U1-4
Added Net: Name=+5
Added Pin To Net: NetName=+24 Pin=C1-1
Added Pin To Net: NetName=+24 Pin=DIO1-2
Added Pin To Net: NetName=+24 Pin=U1-1
Added Net: Name=+24
Added Pin To Net: NetName=GND Pin=C1-2
Added Pin To Net: NetName=GND Pin=C2-1
Added Pin To Net: NetName=GND Pin=C3-2
Added Pin To Net: NetName=GND Pin=DIO2-1
Added Pin To Net: NetName=GND Pin=LED1-2
Added Pin To Net: NetName=GND Pin=U1-3
Added Pin To Net: NetName=GND Pin=U1-5
Added Net: Name=GND
Added Pin To Net: NetName=NetDIO2_2 Pin=DIO2-2
Added Pin To Net: NetName=NetDIO2_2 Pin=L1-1
Added Pin To Net: NetName=NetDIO2_2 Pin=U1-2
Added Net: Name=NetDIO2_2
Added Pin To Net: NetName=NetLED1_1 Pin=LED1-1
Added Pin To Net: NetName=NetLED1_1 Pin=R1-2
Added Net: Name=NetLED1_1
Added Pin To Net: NetName=POWER_IN Pin=DIO1-1
Added Net: Name=POWER_IN
Added Class: Name=SCH
Added Room: Name=SCH
