Added Component: Designator=LED2(LED-0805-Blue)
Added Pin To Net: NetName=NetLED2_1 Pin=LED2-1
Added Pin To Net: NetName=GND Pin=LED2-2
Added Member To Class: ClassName=SCH Member=Component C2 JP4x1-2.0
Added Member To Class: ClassName=SCH Member=Component C4 JP3
Added Member To Class: ClassName=SCH Member=Component C6 JP8
Added Member To Class: ClassName=SCH Member=Component C9 JP3
Added Member To Class: ClassName=SCH Member=Component C18 JP3
Added Member To Class: ClassName=SCH Member=Component C20 JP3
Added Member To Class: ClassName=SCH Member=Component C21 JP3
Added Member To Class: ClassName=SCH Member=Component D4 SS34
Added Member To Class: ClassName=SCH Member=Component LED2 LED
Added Member To Class: ClassName=SCH Member=Component R2 Res_SMD
Added Member To Class: ClassName=SCH Member=Component R3 Res_SMD
Added Member To Class: ClassName=SCH Member=Component R4 Res_SMD
Added Member To Class: ClassName=SCH Member=Component R5 Res_SMD
Added Member To Class: ClassName=SCH Member=Component R7 Res_SMD
Added Member To Class: ClassName=SCH Member=Component R16 Res_SMD
Added Member To Class: ClassName=SCH Member=Component R23 Res_SMD
Added Member To Class: ClassName=SCH Member=Component R26 Res_SMD
Added Member To Class: ClassName=SCH Member=Component R35 Res_SMD
Added Member To Class: ClassName=SCH Member=Component R36 Res_SMD
Added Member To Class: ClassName=SCH Member=Component R37 Res_SMD
Added Member To Class: ClassName=SCH Member=Component R39 Res_SMD
