Change Component Designator: OldDesignator=BJT1 NewDesignator=BJT6
Change Component Designator: OldDesignator=BJT2 NewDesignator=BJT1
Change Component Designator: OldDesignator=BJT3 NewDesignator=BJT2
Change Component Designator: OldDesignator=BJT4 NewDesignator=BJT3
Change Component Designator: OldDesignator=BJT5 NewDesignator=BJT4
Change Component Designator: OldDesignator=BJT6 NewDesignator=BJT5
Change Component Designator: OldDesignator=C1 NewDesignator=C2
Change Component Designator: OldDesignator=C2 NewDesignator=C3
Change Component Designator: OldDesignator=C3 NewDesignator=C1
Change Component Designator: OldDesignator=C6 NewDesignator=C10
Change Component Designator: OldDesignator=C8 NewDesignator=C6
Change Component Designator: OldDesignator=C10 NewDesignator=C8
Change Component Designator: OldDesignator=C16 NewDesignator=C21
Change Component Designator: OldDesignator=C17 NewDesignator=C19
Change Component Designator: OldDesignator=C18 NewDesignator=C17
Change Component Designator: OldDesignator=C19 NewDesignator=C20
Change Component Designator: OldDesignator=C20 NewDesignator=C18
Change Component Designator: OldDesignator=C21 NewDesignator=C16
Change Component Designator: OldDesignator=D1 NewDesignator=D2
Change Component Designator: OldDesignator=D2 NewDesignator=D6
Change Component Designator: OldDesignator=D3 NewDesignator=D14
Change Component Designator: OldDesignator=D4 NewDesignator=D5
Change Component Designator: OldDesignator=D5 NewDesignator=D10
Change Component Designator: OldDesignator=D6 NewDesignator=D11
Change Component Designator: OldDesignator=D7 NewDesignator=D12
Change Component Designator: OldDesignator=D8 NewDesignator=D1
Change Component Designator: OldDesignator=D9 NewDesignator=D3
Change Component Designator: OldDesignator=D10 NewDesignator=D4
Change Component Designator: OldDesignator=D11 NewDesignator=D7
Change Component Designator: OldDesignator=D12 NewDesignator=D8
Change Component Designator: OldDesignator=D14 NewDesignator=D9
Change Component Designator: OldDesignator=H1 NewDesignator=H2
Change Component Designator: OldDesignator=H2 NewDesignator=H1
Change Component Designator: OldDesignator=LED1 NewDesignator=LED2
Change Component Designator: OldDesignator=LED2 NewDesignator=LED7
Change Component Designator: OldDesignator=LED3 NewDesignator=LED8
Change Component Designator: OldDesignator=LED4 NewDesignator=LED9
Change Component Designator: OldDesignator=LED5 NewDesignator=LED1
Change Component Designator: OldDesignator=LED6 NewDesignator=LED3
Change Component Designator: OldDesignator=LED7 NewDesignator=LED4
Change Component Designator: OldDesignator=LED8 NewDesignator=LED5
Change Component Designator: OldDesignator=LED9 NewDesignator=LED6
Change Component Designator: OldDesignator=R1 NewDesignator=R2
Change Component Designator: OldDesignator=R2 NewDesignator=R24
Change Component Designator: OldDesignator=R3 NewDesignator=R48
Change Component Designator: OldDesignator=R4 NewDesignator=R49
Change Component Designator: OldDesignator=R5 NewDesignator=R53
Change Component Designator: OldDesignator=R6 NewDesignator=R27
Change Component Designator: OldDesignator=R7 NewDesignator=R33
Change Component Designator: OldDesignator=R9 NewDesignator=R39
Change Component Designator: OldDesignator=R10 NewDesignator=R6
Change Component Designator: OldDesignator=R11 NewDesignator=R18
Change Component Designator: OldDesignator=R12 NewDesignator=R59
Change Component Designator: OldDesignator=R13 NewDesignator=R56
Change Component Designator: OldDesignator=R14 NewDesignator=R55
Change Component Designator: OldDesignator=R15 NewDesignator=R14
Change Component Designator: OldDesignator=R16 NewDesignator=R57
Change Component Designator: OldDesignator=R17 NewDesignator=R58
Change Component Designator: OldDesignator=R18 NewDesignator=R54
Change Component Designator: OldDesignator=R19 NewDesignator=R22
Change Component Designator: OldDesignator=R20 NewDesignator=R50
Change Component Designator: OldDesignator=R21 NewDesignator=R45
Change Component Designator: OldDesignator=R22 NewDesignator=R21
Change Component Designator: OldDesignator=R23 NewDesignator=R26
Change Component Designator: OldDesignator=R24 NewDesignator=R1
Change Component Designator: OldDesignator=R25 NewDesignator=R23
Change Component Designator: OldDesignator=R26 NewDesignator=R3
Change Component Designator: OldDesignator=R27 NewDesignator=R5
Change Component Designator: OldDesignator=R28 NewDesignator=R29
Change Component Designator: OldDesignator=R29 NewDesignator=R32
Change Component Designator: OldDesignator=R30 NewDesignator=R7
Change Component Designator: OldDesignator=R32 NewDesignator=R38
Change Component Designator: OldDesignator=R33 NewDesignator=R17
Change Component Designator: OldDesignator=R34 NewDesignator=R20
Change Component Designator: OldDesignator=R35 NewDesignator=R37
Change Component Designator: OldDesignator=R36 NewDesignator=R25
Change Component Designator: OldDesignator=R37 NewDesignator=R28
Change Component Designator: OldDesignator=R38 NewDesignator=R30
Change Component Designator: OldDesignator=R39 NewDesignator=R52
Change Component Designator: OldDesignator=R40 NewDesignator=R47
Change Component Designator: OldDesignator=R41 NewDesignator=R43
Change Component Designator: OldDesignator=R42 NewDesignator=R9
Change Component Designator: OldDesignator=R43 NewDesignator=R34
Change Component Designator: OldDesignator=R44 NewDesignator=R10
Change Component Designator: OldDesignator=R45 NewDesignator=R11
Change Component Designator: OldDesignator=R46 NewDesignator=R12
Change Component Designator: OldDesignator=R47 NewDesignator=R13
Change Component Designator: OldDesignator=R48 NewDesignator=R35
Change Component Designator: OldDesignator=R49 NewDesignator=R36
Change Component Designator: OldDesignator=R50 NewDesignator=R15
Change Component Designator: OldDesignator=R51 NewDesignator=R16
Change Component Designator: OldDesignator=R52 NewDesignator=R40
Change Component Designator: OldDesignator=R53 NewDesignator=R19
Change Component Designator: OldDesignator=R54 NewDesignator=R4
Change Component Designator: OldDesignator=R55 NewDesignator=R51
Change Component Designator: OldDesignator=R56 NewDesignator=R46
Change Component Designator: OldDesignator=R57 NewDesignator=R41
Change Component Designator: OldDesignator=R58 NewDesignator=R42
Change Component Designator: OldDesignator=R59 NewDesignator=R44
Change Component Designator: OldDesignator=SW1 NewDesignator=SW6
Change Component Designator: OldDesignator=SW2 NewDesignator=SW4
Change Component Designator: OldDesignator=SW3 NewDesignator=SW2
Change Component Designator: OldDesignator=SW4 NewDesignator=SW5
Change Component Designator: OldDesignator=SW5 NewDesignator=SW3
Change Component Designator: OldDesignator=SW6 NewDesignator=SW1
Change Component Designator: OldDesignator=T1 NewDesignator=T6
Change Component Designator: OldDesignator=T3 NewDesignator=T4
Change Component Designator: OldDesignator=T4 NewDesignator=T5
Change Component Designator: OldDesignator=T5 NewDesignator=T8
Change Component Designator: OldDesignator=T6 NewDesignator=T1
Change Component Designator: OldDesignator=T7 NewDesignator=T9
Change Component Designator: OldDesignator=T8 NewDesignator=T3
Change Component Designator: OldDesignator=T9 NewDesignator=T11
Change Component Designator: OldDesignator=T10 NewDesignator=T7
Change Component Designator: OldDesignator=T11 NewDesignator=T10
Change Component Designator: OldDesignator=U2 NewDesignator=U4
Change Component Designator: OldDesignator=U3 NewDesignator=U5
Change Component Designator: OldDesignator=U4 NewDesignator=U7
Change Component Designator: OldDesignator=U5 NewDesignator=U11
Change Component Designator: OldDesignator=U6 NewDesignator=U10
Change Component Designator: OldDesignator=U7 NewDesignator=U9
Change Component Designator: OldDesignator=U8 NewDesignator=U6
Change Component Designator: OldDesignator=U9 NewDesignator=U8
Change Component Designator: OldDesignator=U10 NewDesignator=U3
Change Component Designator: OldDesignator=U11 NewDesignator=U2
Added Pin To Net: NetName=IN_PUT_6 Pin=D9-1
Added Pin To Net: NetName=IN_PUT_6 Pin=U6-31
Change Net Name : Old Net Name=IN_PUT_6 New Net Name=IN_BUT_6
Added Room: Name=SCH
