Removed Pin From Net: NetName=LED_7_1 Pin=JTAG1-01
Removed Pin From Net: NetName=OUT_LED_1 Pin=JTAG1-02
Removed Pin From Net: NetName=LED_7_2 Pin=JTAG1-03
Removed Pin From Net: NetName=OUT_LED_2 Pin=JTAG1-04
Removed Pin From Net: NetName=LED_7_3 Pin=JTAG1-05
Removed Pin From Net: NetName=OUT_LED_3 Pin=JTAG1-06
Removed Pin From Net: NetName=LED_7_4 Pin=JTAG1-07
Removed Pin From Net: NetName=OUT_LED_4 Pin=JTAG1-08
Removed Pin From Net: NetName=LED_7_5 Pin=JTAG1-09
Removed Pin From Net: NetName=BUT_IN_1 Pin=JTAG1-10
Removed Pin From Net: NetName=LED_7_6 Pin=JTAG1-11
Removed Pin From Net: NetName=BUT_IN_2 Pin=JTAG1-12
Removed Pin From Net: NetName=LED_7_7 Pin=JTAG1-13
Removed Pin From Net: NetName=BUT_IN_3 Pin=JTAG1-14
Removed Pin From Net: NetName=LED_7_8 Pin=JTAG1-15
Removed Pin From Net: NetName=BUT_IN_4 Pin=JTAG1-16
Removed Pin From Net: NetName=+5_BUT Pin=JTAG1-17
Removed Pin From Net: NetName=BUT_IN_5 Pin=JTAG1-18
Removed Pin From Net: NetName=GND Pin=JTAG1-19
Removed Pin From Net: NetName=BUT_IN_6 Pin=JTAG1-20
Removed Pin From Net: NetName=NetBJT6_3 Pin=LS1-N
Removed Pin From Net: NetName=VDDA Pin=LS1-P
Added Component: Designator=buzzer1(buzzer 5V)
Added Component: Designator=J1(JTAG)
Added Component: Designator=JTAG1(SAMTEC_TSS-110-01-G-D)
Added Component: Designator=LS1(XDCR_KXG0903C1)
Added Pin To Net: NetName=NetBJT6_3 Pin=buzzer1-N
Added Pin To Net: NetName=VDDA Pin=buzzer1-P
Added Pin To Net: NetName=LED_7_1 Pin=J1-01
Added Pin To Net: NetName=OUT_LED_1 Pin=J1-02
Added Pin To Net: NetName=LED_7_2 Pin=J1-03
Added Pin To Net: NetName=OUT_LED_2 Pin=J1-04
Added Pin To Net: NetName=LED_7_3 Pin=J1-05
Added Pin To Net: NetName=OUT_LED_3 Pin=J1-06
Added Pin To Net: NetName=LED_7_4 Pin=J1-07
Added Pin To Net: NetName=OUT_LED_4 Pin=J1-08
Added Pin To Net: NetName=LED_7_5 Pin=J1-09
Added Pin To Net: NetName=BUT_IN_1 Pin=J1-10
Added Pin To Net: NetName=LED_7_6 Pin=J1-11
Added Pin To Net: NetName=BUT_IN_2 Pin=J1-12
Added Pin To Net: NetName=LED_7_7 Pin=J1-13
Added Pin To Net: NetName=BUT_IN_3 Pin=J1-14
Added Pin To Net: NetName=LED_7_8 Pin=J1-15
Added Pin To Net: NetName=BUT_IN_4 Pin=J1-16
Added Pin To Net: NetName=+5_BUT Pin=J1-17
Added Pin To Net: NetName=BUT_IN_5 Pin=J1-18
Added Pin To Net: NetName=GND Pin=J1-19
Added Pin To Net: NetName=BUT_IN_6 Pin=J1-20
Added Member To Class: ClassName=SCH Member=Component buzzer1 buzzer-5V-4-R
Added Member To Class: ClassName=SCH Member=Component J1 JTAG 10x2
Added Room: Name=SCH
