Added Component: Designator=C3(CAP_SMD_1206)
Added Component: Designator=C16(CAP_SMD_1206)
Added Component: Designator=C17(CAP_SMD_1206)
Added Component: Designator=C18(CAP_SMD_1206)
Added Component: Designator=C19(CAP_SMD_1206)
Added Component: Designator=C21(CAP_SMD_1206)
Added Component: Designator=C22(CAP_SMD_1206)
Added Pin To Net: NetName=GND Pin=C3-1
Added Pin To Net: NetName=VDDA Pin=C3-2
Added Pin To Net: NetName=GND Pin=C16-1
Added Pin To Net: NetName=IN_BUT_1 Pin=C16-2
Added Pin To Net: NetName=GND Pin=C17-1
Added Pin To Net: NetName=IN_BUT_4 Pin=C17-2
Added Pin To Net: NetName=GND Pin=C18-1
Added Pin To Net: NetName=IN_BUT_2 Pin=C18-2
Added Pin To Net: NetName=GND Pin=C19-1
Added Pin To Net: NetName=IN_PUT_5 Pin=C19-2
Added Pin To Net: NetName=GND Pin=C21-1
Added Pin To Net: NetName=IN_PUT_3 Pin=C21-2
Added Pin To Net: NetName=GND Pin=C22-1
Added Pin To Net: NetName=IN_PUT_6 Pin=C22-2
Added Member To Class: ClassName=SCH Member=Component C3 Cap_SMD
Added Member To Class: ClassName=SCH Member=Component C16 Cap_SMD
Added Member To Class: ClassName=SCH Member=Component C17 Cap_SMD
Added Member To Class: ClassName=SCH Member=Component C18 Cap_SMD
Added Member To Class: ClassName=SCH Member=Component C19 Cap_SMD
Added Member To Class: ClassName=SCH Member=Component C21 Cap_SMD
Added Member To Class: ClassName=SCH Member=Component C22 Cap_SMD
