Change Component Designator: OldDesignator=C14 NewDesignator=C15
Change Component Designator: OldDesignator=C15 NewDesignator=C16
Change Component Designator: OldDesignator=C16 NewDesignator=C17
Change Component Designator: OldDesignator=C17 NewDesignator=C18
Change Component Designator: OldDesignator=C18 NewDesignator=C19
Change Component Designator: OldDesignator=C19 NewDesignator=C20
Change Component Designator: OldDesignator=C20 NewDesignator=C21
Change Component Designator: OldDesignator=C21 NewDesignator=C22
Change Component Designator: OldDesignator=C22 NewDesignator=C23
Change Component Designator: OldDesignator=C23 NewDesignator=C24
Change Component Designator: OldDesignator=C24 NewDesignator=C25
Change Component Designator: OldDesignator=H4 NewDesignator=H3
Change Component Designator: OldDesignator=H5 NewDesignator=H4
Change Component Designator: OldDesignator=H6 NewDesignator=H5
Added Component: Designator=C14(JP5-D1T)
Added Pin To Net: NetName=VDDA Pin=C14-1
Added Pin To Net: NetName=GND Pin=C14-2
Added Pin To Net: NetName=XRES Pin=C14-3
Added Pin To Net: NetName=SWCLK Pin=C14-4
Added Pin To Net: NetName=SWDIO Pin=C14-5
Added Member To Class: ClassName=SCH Member=Component C7 Cap_SMD
Added Member To Class: ClassName=SCH Member=Component C11 Cap_SMD
Added Member To Class: ClassName=SCH Member=Component C25 JP9
Added Member To Class: ClassName=SCH Member=Component D2 1N4148
Added Member To Class: ClassName=SCH Member=Component R7 Res_SMD
