Added Component: Designator=BJT1(SOT-23)
Added Component: Designator=BJT2(SOT-23)
Added Component: Designator=BJT3(SOT-23)
Added Component: Designator=BJT4(SOT-23)
Added Component: Designator=BJT5(SOT-23)
Added Component: Designator=BJT6(SOT-23)
Added Component: Designator=C1(CAP POLY 220UF 16V)
Added Component: Designator=C2(CAP-ALU-SMD-F)
Added Component: Designator=C4(CAP_SMD_1206)
Added Component: Designator=C5(CAP_SMD_1206)
Added Component: Designator=C6(CAP_SMD_1206)
Added Component: Designator=C7(Cap_SMD_0805)
Added Component: Designator=C11(Cap_SMD_0805)
Added Component: Designator=C12(CAP_SMD_1206)
Added Component: Designator=C13(CAP_SMD_1206)
Added Component: Designator=C14(CAP_SMD_1206)
Added Component: Designator=C15(CAP_SMD_1206)
Added Component: Designator=C20(JP2-D1T)
Added Component: Designator=C23(J4-D1T)
Added Component: Designator=C24(JP9-D1T)
Added Component: Designator=D1(Diode M7)
Added Component: Designator=D2(SMB)
Added Component: Designator=D3(Diode M7)
Added Component: Designator=D4(Diode M7)
Added Component: Designator=D7(Diode M7)
Added Component: Designator=D8(Diode M7)
Added Component: Designator=D9(Diode M7)
Added Component: Designator=H1(EDG2P508)
Added Component: Designator=H2(EDG2P508)
Added Component: Designator=H4(EDG2P508)
Added Component: Designator=H5(EDG2P508)
Added Component: Designator=H6(EDG5P508)
Added Component: Designator=J1(SAMTEC_TSS-110-01-G-D)
Added Component: Designator=L1(Inductor DR127)
Added Component: Designator=LD1(LED3)
Added Component: Designator=LD2(LED3)
Added Component: Designator=LD3(LED3)
Added Component: Designator=LS1(XDCR_KXG0903C1)
Added Component: Designator=R4(Res_SMD_1206)
Added Component: Designator=R6(Res_SMD_1206)
Added Component: Designator=R7(Res_SMD_1206)
Added Component: Designator=R14(Res_SMD_1206)
Added Component: Designator=R18(Res_SMD_1206)
Added Component: Designator=R21(Res_SMD_1206)
Added Component: Designator=R22(Res_SMD_1206)
Added Component: Designator=R23(Res_SMD_1206)
Added Component: Designator=R24(RES_SMD_2512)
Added Component: Designator=R26(Res_SMD_1206)
Added Component: Designator=R27(Res_SMD_1206)
Added Component: Designator=R29(Res_SMD_1206)
Added Component: Designator=R31(Res_SMD_1206)
Added Component: Designator=R32(Res_SMD_1206)
Added Component: Designator=R33(Res_SMD_1206)
Added Component: Designator=R37(Res_SMD_1206)
Added Component: Designator=R38(Res_SMD_1206)
Added Component: Designator=R39(Res_SMD_1206)
Added Component: Designator=R41(Res_SMD_1206)
Added Component: Designator=R43(Res_SMD_1206)
Added Component: Designator=R45(Res_SMD_1206)
Added Component: Designator=R46(Res_SMD_1206)
Added Component: Designator=R47(Res_SMD_1206)
Added Component: Designator=R48(Res_SMD_1206)
Added Component: Designator=R49(Res_SMD_1206)
Added Component: Designator=R50(Res_SMD_1206)
Added Component: Designator=R51(Res_SMD_1206)
Added Component: Designator=R52(Res_SMD_1206)
Added Component: Designator=R53(Res_SMD_1206)
Added Component: Designator=R54(Res_SMD_1206)
Added Component: Designator=R55(Res_SMD_1206)
Added Component: Designator=R57(Res_SMD_1206)
Added Component: Designator=R58(Res_SMD_1206)
Added Component: Designator=R59(Res_SMD_1206)
Added Component: Designator=RL1(Relay 12V)
Added Component: Designator=RL2(Relay 12V)
Added Component: Designator=RL3(Relay 12V)
Added Component: Designator=RL4(Relay 12V)
Added Component: Designator=RL5(Relay 12V)
Added Component: Designator=SW1(Button6x6smd)
Added Component: Designator=SW2(Button6x6smd)
Added Component: Designator=SW3(Button6x6smd)
Added Component: Designator=SW4(Button6x6smd)
Added Component: Designator=SW5(Button6x6smd)
Added Component: Designator=SW6(Button6x6smd)
Added Component: Designator=SW7(Button6x6smd)
Added Component: Designator=T1(Terminal-3p-381)
Added Component: Designator=T2(Terminal-3p-381)
Added Component: Designator=T3(Terminal-3p-381)
Added Component: Designator=T4(Terminal-3p-381)
Added Component: Designator=T5(Terminal-3p-381)
Added Component: Designator=T6(TO252)
Added Component: Designator=T7(Terminal-3p-381)
Added Component: Designator=T8(Terminal-3p-381)
Added Component: Designator=T9(Terminal-3p-381)
Added Component: Designator=T10(Terminal-3p-381)
Added Component: Designator=T11(Terminal-3p-381)
Added Component: Designator=T12(Terminal-3p-381)
Added Component: Designator=U1(TO263)
Added Component: Designator=U2(SO-16)
Added Component: Designator=U3(Sop16pin)
Added Component: Designator=U4(PC817)
Added Component: Designator=U5(PC817)
Added Component: Designator=U6(TQFP64)
Added Component: Designator=U7(PC817)
Added Component: Designator=U8(PC817)
Added Component: Designator=U9(PC817)
Added Component: Designator=U10(PC817)
Added Component: Designator=U11(PC817)
Added Pin To Net: NetName=NetBJT1_1 Pin=BJT1-1
Added Pin To Net: NetName=GND Pin=BJT1-2
Added Pin To Net: NetName=NetBJT1_3 Pin=BJT1-3
Added Pin To Net: NetName=NetBJT2_1 Pin=BJT2-1
Added Pin To Net: NetName=GND Pin=BJT2-2
Added Pin To Net: NetName=NetBJT2_3 Pin=BJT2-3
Added Pin To Net: NetName=NetBJT3_1 Pin=BJT3-1
Added Pin To Net: NetName=GND Pin=BJT3-2
Added Pin To Net: NetName=NetBJT3_3 Pin=BJT3-3
Added Pin To Net: NetName=NetBJT4_1 Pin=BJT4-1
Added Pin To Net: NetName=GND Pin=BJT4-2
Added Pin To Net: NetName=NetBJT4_3 Pin=BJT4-3
Added Pin To Net: NetName=NetBJT5_1 Pin=BJT5-1
Added Pin To Net: NetName=GND Pin=BJT5-2
Added Pin To Net: NetName=NetBJT5_3 Pin=BJT5-3
Added Pin To Net: NetName=NetBJT6_1 Pin=BJT6-1
Added Pin To Net: NetName=GND Pin=BJT6-2
Added Pin To Net: NetName=NetBJT6_3 Pin=BJT6-3
Added Pin To Net: NetName=24V Pin=C1-1
Added Pin To Net: NetName=GND Pin=C1-2
Added Pin To Net: NetName=VDDA Pin=C2-1
Added Pin To Net: NetName=GND Pin=C2-2
Added Pin To Net: NetName=GND Pin=C4-1
Added Pin To Net: NetName=ANALOG_1 Pin=C4-2
Added Pin To Net: NetName=GND Pin=C5-1
Added Pin To Net: NetName=ANALOG_2 Pin=C5-2
Added Pin To Net: NetName=GND Pin=C6-1
Added Pin To Net: NetName=ANALOG_3 Pin=C6-2
Added Pin To Net: NetName=VDDA Pin=C7-1
Added Pin To Net: NetName=GND Pin=C7-2
Added Pin To Net: NetName=VDDA Pin=C11-1
Added Pin To Net: NetName=GND Pin=C11-2
Added Pin To Net: NetName=GND Pin=C12-1
Added Pin To Net: NetName=ANALOG_4 Pin=C12-2
Added Pin To Net: NetName=GND Pin=C13-1
Added Pin To Net: NetName=XRES Pin=C13-2
Added Pin To Net: NetName=GND Pin=C14-1
Added Pin To Net: NetName=ANALOG_5 Pin=C14-2
Added Pin To Net: NetName=GND Pin=C15-1
Added Pin To Net: NetName=ANALOG_6 Pin=C15-2
Added Pin To Net: NetName=DEBUG_UART_TX Pin=C20-1
Added Pin To Net: NetName=DEBUG_UART_RX Pin=C20-2
Added Pin To Net: NetName=VDDA Pin=C23-1
Added Pin To Net: NetName=GND Pin=C23-2
Added Pin To Net: NetName=ENCODER_A Pin=C23-3
Added Pin To Net: NetName=ENCODER_B Pin=C23-4
Added Pin To Net: NetName=VDDA Pin=C24-1
Added Pin To Net: NetName=GND Pin=C24-2
Added Pin To Net: NetName=IN_BUT_1 Pin=C24-3
Added Pin To Net: NetName=IN_BUT_2 Pin=C24-4
Added Pin To Net: NetName=IN_BUT_3 Pin=C24-5
Added Pin To Net: NetName=IN_BUT_4 Pin=C24-6
Added Pin To Net: NetName=IN_BUT_5 Pin=C24-7
Added Pin To Net: NetName=IN_PUT_6 Pin=C24-8
Added Pin To Net: NetName=IN_BUT_7 Pin=C24-9
Added Pin To Net: NetName=IN_BUT_1 Pin=D1-1
Added Pin To Net: NetName=BUT_IN_1 Pin=D1-2
Added Pin To Net: NetName=POWER_IN Pin=D2-1
Added Pin To Net: NetName=24V Pin=D2-2
Added Pin To Net: NetName=IN_BUT_2 Pin=D3-1
Added Pin To Net: NetName=BUT_IN_2 Pin=D3-2
Added Pin To Net: NetName=IN_BUT_3 Pin=D4-1
Added Pin To Net: NetName=BUT_IN_3 Pin=D4-2
Added Pin To Net: NetName=IN_BUT_4 Pin=D7-1
Added Pin To Net: NetName=BUT_IN_4 Pin=D7-2
Added Pin To Net: NetName=IN_BUT_5 Pin=D8-1
Added Pin To Net: NetName=BUT_IN_5 Pin=D8-2
Added Pin To Net: NetName=IN_BUT_6 Pin=D9-1
Added Pin To Net: NetName=BUT_IN_6 Pin=D9-2
Added Pin To Net: NetName=POWER_IN Pin=H1-1
Added Pin To Net: NetName=GND Pin=H1-2
Added Pin To Net: NetName=START_FROM Pin=H2-1
Added Pin To Net: NetName=GND Pin=H2-2
Added Pin To Net: NetName=ERROR_ABOVE Pin=H4-1
Added Pin To Net: NetName=GND Pin=H4-2
Added Pin To Net: NetName=ERROR_BELOW Pin=H5-1
Added Pin To Net: NetName=GND Pin=H5-2
Added Pin To Net: NetName=INVENTER_1 Pin=H6-1
Added Pin To Net: NetName=INVENTER_2 Pin=H6-2
Added Pin To Net: NetName=INVENTER_3 Pin=H6-3
Added Pin To Net: NetName=INVENTER_4 Pin=H6-4
Added Pin To Net: NetName=GND Pin=H6-5
Added Pin To Net: NetName=LED_7_1 Pin=J1-01
Added Pin To Net: NetName=OUT_LED_1 Pin=J1-02
Added Pin To Net: NetName=LED_7_2 Pin=J1-03
Added Pin To Net: NetName=OUT_LED_2 Pin=J1-04
Added Pin To Net: NetName=LED_7_3 Pin=J1-05
Added Pin To Net: NetName=OUT_LED_3 Pin=J1-06
Added Pin To Net: NetName=LED_7_4 Pin=J1-07
Added Pin To Net: NetName=OUT_LED_4 Pin=J1-08
Added Pin To Net: NetName=LED_7_5 Pin=J1-09
Added Pin To Net: NetName=BUT_IN_1 Pin=J1-10
Added Pin To Net: NetName=LED_7_6 Pin=J1-11
Added Pin To Net: NetName=BUT_IN_2 Pin=J1-12
Added Pin To Net: NetName=LED_7_7 Pin=J1-13
Added Pin To Net: NetName=BUT_IN_3 Pin=J1-14
Added Pin To Net: NetName=LED_7_8 Pin=J1-15
Added Pin To Net: NetName=BUT_IN_4 Pin=J1-16
Added Pin To Net: NetName=+5_BUT Pin=J1-17
Added Pin To Net: NetName=BUT_IN_5 Pin=J1-18
Added Pin To Net: NetName=GND Pin=J1-19
Added Pin To Net: NetName=BUT_IN_6 Pin=J1-20
Added Pin To Net: NetName=VDDA Pin=L1-1
Added Pin To Net: NetName=NetD6_2 Pin=L1-2
Added Pin To Net: NetName=NetLD1_1 Pin=LD1-1
Added Pin To Net: NetName=LED_1 Pin=LD1-2
Added Pin To Net: NetName=NetLD2_1 Pin=LD2-1
Added Pin To Net: NetName=LED_2 Pin=LD2-2
Added Pin To Net: NetName=NetLD3_1 Pin=LD3-1
Added Pin To Net: NetName=LED_3 Pin=LD3-2
Added Pin To Net: NetName=NetBJT6_3 Pin=LS1-N
Added Pin To Net: NetName=VDDA Pin=LS1-P
Added Pin To Net: NetName=VDDA Pin=R4-1
Added Pin To Net: NetName=+5_BUT Pin=R4-2
Added Pin To Net: NetName=ANA_IN_1 Pin=R6-1
Added Pin To Net: NetName=ANALOG_1 Pin=R6-2
Added Pin To Net: NetName=ANALOG_1 Pin=R7-1
Added Pin To Net: NetName=GND Pin=R7-2
Added Pin To Net: NetName=ANA_IN_2 Pin=R14-1
Added Pin To Net: NetName=ANALOG_2 Pin=R14-2
Added Pin To Net: NetName=ANALOG_2 Pin=R18-1
Added Pin To Net: NetName=GND Pin=R18-2
Added Pin To Net: NetName=ANA_IN_3 Pin=R21-1
Added Pin To Net: NetName=ANALOG_3 Pin=R21-2
Added Pin To Net: NetName=ANALOG_3 Pin=R22-1
Added Pin To Net: NetName=GND Pin=R22-2
Added Pin To Net: NetName=ANA_IN_4 Pin=R23-1
Added Pin To Net: NetName=ANALOG_4 Pin=R23-2
Added Pin To Net: NetName=24V Pin=R24-1
Added Pin To Net: NetName=START_FROM Pin=R24-2
Added Pin To Net: NetName=ANALOG_4 Pin=R26-1
Added Pin To Net: NetName=GND Pin=R26-2
Added Pin To Net: NetName=OUT_1 Pin=R27-1
Added Pin To Net: NetName=24V Pin=R27-2
Added Pin To Net: NetName=VDDA Pin=R29-1
Added Pin To Net: NetName=XRES Pin=R29-2
Added Pin To Net: NetName=ANA_IN_5 Pin=R31-1
Added Pin To Net: NetName=ANALOG_5 Pin=R31-2
Added Pin To Net: NetName=ANALOG_5 Pin=R32-1
Added Pin To Net: NetName=GND Pin=R32-2
Added Pin To Net: NetName=ERROR_ABOVE Pin=R33-1
Added Pin To Net: NetName=24V Pin=R33-2
Added Pin To Net: NetName=ANA_IN_6 Pin=R37-1
Added Pin To Net: NetName=ANALOG_6 Pin=R37-2
Added Pin To Net: NetName=ANALOG_6 Pin=R38-1
Added Pin To Net: NetName=GND Pin=R38-2
Added Pin To Net: NetName=ERROR_BELOW Pin=R39-1
Added Pin To Net: NetName=24V Pin=R39-2
Added Pin To Net: NetName=VDDA Pin=R41-1
Added Pin To Net: NetName=IN_BUT_1 Pin=R41-2
Added Pin To Net: NetName=VDDA Pin=R43-1
Added Pin To Net: NetName=IN_BUT_4 Pin=R43-2
Added Pin To Net: NetName=INVENTER_1 Pin=R45-1
Added Pin To Net: NetName=24V Pin=R45-2
Added Pin To Net: NetName=VDDA Pin=R46-1
Added Pin To Net: NetName=IN_BUT_2 Pin=R46-2
Added Pin To Net: NetName=VDDA Pin=R47-1
Added Pin To Net: NetName=IN_PUT_5 Pin=R47-2
Added Pin To Net: NetName=VDDA Pin=R48-1
Added Pin To Net: NetName=NetLD1_1 Pin=R48-2
Added Pin To Net: NetName=INVENTER_2 Pin=R49-1
Added Pin To Net: NetName=24V Pin=R49-2
Added Pin To Net: NetName=VDDA Pin=R50-1
Added Pin To Net: NetName=NetLD2_1 Pin=R50-2
Added Pin To Net: NetName=VDDA Pin=R51-1
Added Pin To Net: NetName=IN_PUT_3 Pin=R51-2
Added Pin To Net: NetName=VDDA Pin=R52-1
Added Pin To Net: NetName=IN_PUT_6 Pin=R52-2
Added Pin To Net: NetName=VDDA Pin=R53-1
Added Pin To Net: NetName=NetLD3_1 Pin=R53-2
Added Pin To Net: NetName=INVENTER_3 Pin=R54-1
Added Pin To Net: NetName=24V Pin=R54-2
Added Pin To Net: NetName=INVENTER_4 Pin=R55-1
Added Pin To Net: NetName=24V Pin=R55-2
Added Pin To Net: NetName=ENCODER_B Pin=R57-1
Added Pin To Net: NetName=VDDA Pin=R57-2
Added Pin To Net: NetName=ENCODER_A Pin=R58-1
Added Pin To Net: NetName=VDDA Pin=R58-2
Added Pin To Net: NetName=GND_24 Pin=R59-1
Added Pin To Net: NetName=GND Pin=R59-2
Added Pin To Net: NetName=NetRL1_1 Pin=RL1-1
Added Pin To Net: NetName=NetRL1_2 Pin=RL1-2
Added Pin To Net: NetName=NetRL1_3 Pin=RL1-3
Added Pin To Net: NetName=NetBJT1_3 Pin=RL1-4
Added Pin To Net: NetName=24V Pin=RL1-5
Added Pin To Net: NetName=NetRL2_1 Pin=RL2-1
Added Pin To Net: NetName=NetRL2_2 Pin=RL2-2
Added Pin To Net: NetName=NetRL2_3 Pin=RL2-3
Added Pin To Net: NetName=NetBJT2_3 Pin=RL2-4
Added Pin To Net: NetName=24V Pin=RL2-5
Added Pin To Net: NetName=NetRL3_1 Pin=RL3-1
Added Pin To Net: NetName=NetRL3_2 Pin=RL3-2
Added Pin To Net: NetName=NetRL3_3 Pin=RL3-3
Added Pin To Net: NetName=NetBJT3_3 Pin=RL3-4
Added Pin To Net: NetName=24V Pin=RL3-5
Added Pin To Net: NetName=NetRL4_1 Pin=RL4-1
Added Pin To Net: NetName=NetRL4_2 Pin=RL4-2
Added Pin To Net: NetName=NetRL4_3 Pin=RL4-3
Added Pin To Net: NetName=NetBJT4_3 Pin=RL4-4
Added Pin To Net: NetName=24V Pin=RL4-5
Added Pin To Net: NetName=NetRL5_1 Pin=RL5-1
Added Pin To Net: NetName=NetRL5_2 Pin=RL5-2
Added Pin To Net: NetName=NetRL5_3 Pin=RL5-3
Added Pin To Net: NetName=NetBJT5_3 Pin=RL5-4
Added Pin To Net: NetName=24V Pin=RL5-5
Added Pin To Net: NetName=XRES Pin=SW1-1
Added Pin To Net: NetName=XRES Pin=SW1-2
Added Pin To Net: NetName=GND Pin=SW1-3
Added Pin To Net: NetName=GND Pin=SW1-4
Added Pin To Net: NetName=IN_BUT_1 Pin=SW2-1
Added Pin To Net: NetName=IN_BUT_1 Pin=SW2-2
Added Pin To Net: NetName=GND Pin=SW2-3
Added Pin To Net: NetName=GND Pin=SW2-4
Added Pin To Net: NetName=IN_BUT_4 Pin=SW3-1
Added Pin To Net: NetName=IN_BUT_4 Pin=SW3-2
Added Pin To Net: NetName=GND Pin=SW3-3
Added Pin To Net: NetName=GND Pin=SW3-4
Added Pin To Net: NetName=IN_BUT_2 Pin=SW4-1
Added Pin To Net: NetName=IN_BUT_2 Pin=SW4-2
Added Pin To Net: NetName=GND Pin=SW4-3
Added Pin To Net: NetName=GND Pin=SW4-4
Added Pin To Net: NetName=IN_PUT_5 Pin=SW5-1
Added Pin To Net: NetName=IN_PUT_5 Pin=SW5-2
Added Pin To Net: NetName=GND Pin=SW5-3
Added Pin To Net: NetName=GND Pin=SW5-4
Added Pin To Net: NetName=IN_PUT_3 Pin=SW6-1
Added Pin To Net: NetName=IN_PUT_3 Pin=SW6-2
Added Pin To Net: NetName=GND Pin=SW6-3
Added Pin To Net: NetName=GND Pin=SW6-4
Added Pin To Net: NetName=IN_PUT_6 Pin=SW7-1
Added Pin To Net: NetName=IN_PUT_6 Pin=SW7-2
Added Pin To Net: NetName=GND Pin=SW7-3
Added Pin To Net: NetName=GND Pin=SW7-4
Added Pin To Net: NetName=NetRL1_3 Pin=T1-1
Added Pin To Net: NetName=NetRL1_1 Pin=T1-2
Added Pin To Net: NetName=NetRL1_2 Pin=T1-3
Added Pin To Net: NetName=24V Pin=T2-1
Added Pin To Net: NetName=ANA_IN_1 Pin=T2-2
Added Pin To Net: NetName=GND Pin=T2-3
Added Pin To Net: NetName=NetRL2_3 Pin=T3-1
Added Pin To Net: NetName=NetRL2_1 Pin=T3-2
Added Pin To Net: NetName=NetRL2_2 Pin=T3-3
Added Pin To Net: NetName=24V Pin=T4-1
Added Pin To Net: NetName=ANA_IN_2 Pin=T4-2
Added Pin To Net: NetName=GND Pin=T4-3
Added Pin To Net: NetName=24V Pin=T5-1
Added Pin To Net: NetName=ANA_IN_3 Pin=T5-2
Added Pin To Net: NetName=GND Pin=T5-3
Added Pin To Net: NetName=OUT_1 Pin=T6-1
Added Pin To Net: NetName=START_FROM Pin=T6-2
Added Pin To Net: NetName=GND Pin=T6-3
Added Pin To Net: NetName=NetRL3_3 Pin=T7-1
Added Pin To Net: NetName=NetRL3_1 Pin=T7-2
Added Pin To Net: NetName=NetRL3_2 Pin=T7-3
Added Pin To Net: NetName=24V Pin=T8-1
Added Pin To Net: NetName=ANA_IN_4 Pin=T8-2
Added Pin To Net: NetName=GND Pin=T8-3
Added Pin To Net: NetName=24V Pin=T9-1
Added Pin To Net: NetName=ANA_IN_5 Pin=T9-2
Added Pin To Net: NetName=GND Pin=T9-3
Added Pin To Net: NetName=NetRL4_3 Pin=T10-1
Added Pin To Net: NetName=NetRL4_1 Pin=T10-2
Added Pin To Net: NetName=NetRL4_2 Pin=T10-3
Added Pin To Net: NetName=24V Pin=T11-1
Added Pin To Net: NetName=ANA_IN_6 Pin=T11-2
Added Pin To Net: NetName=GND Pin=T11-3
Added Pin To Net: NetName=NetRL5_3 Pin=T12-1
Added Pin To Net: NetName=NetRL5_1 Pin=T12-2
Added Pin To Net: NetName=NetRL5_2 Pin=T12-3
Added Pin To Net: NetName=24V Pin=U1-1
Added Pin To Net: NetName=NetD6_2 Pin=U1-2
Added Pin To Net: NetName=GND Pin=U1-3
Added Pin To Net: NetName=VDDA Pin=U1-4
Added Pin To Net: NetName=GND Pin=U1-5
Added Pin To Net: NetName=LED_SEG_1 Pin=U2-1
Added Pin To Net: NetName=LED_SEG_2 Pin=U2-2
Added Pin To Net: NetName=LED_SEG_3 Pin=U2-3
Added Pin To Net: NetName=LED_SEG_4 Pin=U2-4
Added Pin To Net: NetName=GND Pin=U2-8
Added Pin To Net: NetName=VDDA Pin=U2-9
Added Pin To Net: NetName=OUT_LED_4 Pin=U2-13
Added Pin To Net: NetName=OUT_LED_3 Pin=U2-14
Added Pin To Net: NetName=OUT_LED_2 Pin=U2-15
Added Pin To Net: NetName=OUT_LED_1 Pin=U2-16
Added Pin To Net: NetName=NetR10_2 Pin=U3-1
Added Pin To Net: NetName=NetR11_2 Pin=U3-2
Added Pin To Net: NetName=NetR12_2 Pin=U3-3
Added Pin To Net: NetName=NetR13_2 Pin=U3-4
Added Pin To Net: NetName=NetR15_2 Pin=U3-5
Added Pin To Net: NetName=NetR16_2 Pin=U3-6
Added Pin To Net: NetName=NetR19_2 Pin=U3-7
Added Pin To Net: NetName=GND Pin=U3-8
Added Pin To Net: NetName=VDDA Pin=U3-10
Added Pin To Net: NetName=LED_SCK Pin=U3-11
Added Pin To Net: NetName=LED_LATCH Pin=U3-12
Added Pin To Net: NetName=GND Pin=U3-13
Added Pin To Net: NetName=LED_SDA Pin=U3-14
Added Pin To Net: NetName=NetR9_2 Pin=U3-15
Added Pin To Net: NetName=VDDA Pin=U3-16
Added Pin To Net: NetName=OUT_START_FROM Pin=U4-1
Added Pin To Net: NetName=GND Pin=U4-2
Added Pin To Net: NetName=GND_24 Pin=U4-3
Added Pin To Net: NetName=OUT_1 Pin=U4-4
Added Pin To Net: NetName=OUT_ERROR_ABOVE Pin=U5-1
Added Pin To Net: NetName=GND Pin=U5-2
Added Pin To Net: NetName=GND_24 Pin=U5-3
Added Pin To Net: NetName=ERROR_ABOVE Pin=U5-4
Added Pin To Net: NetName=ANALOG_1 Pin=U6-2
Added Pin To Net: NetName=ANALOG_2 Pin=U6-3
Added Pin To Net: NetName=ANALOG_3 Pin=U6-4
Added Pin To Net: NetName=ANALOG_4 Pin=U6-5
Added Pin To Net: NetName=ANALOG_5 Pin=U6-6
Added Pin To Net: NetName=ANALOG_6 Pin=U6-7
Added Pin To Net: NetName=GND Pin=U6-10
Added Pin To Net: NetName=VDDA Pin=U6-11
Added Pin To Net: NetName=DEBUG_UART_TX Pin=U6-12
Added Pin To Net: NetName=DEBUG_UART_RX Pin=U6-13
Added Pin To Net: NetName=ENCODER_A Pin=U6-15
Added Pin To Net: NetName=ENCODER_B Pin=U6-16
Added Pin To Net: NetName=GND Pin=U6-17
Added Pin To Net: NetName=SWCLK Pin=U6-20
Added Pin To Net: NetName=SWDIO Pin=U6-21
Added Pin To Net: NetName=IN_BUT_7 Pin=U6-24
Added Pin To Net: NetName=VDDA Pin=U6-26
Added Pin To Net: NetName=IN_BUT_1 Pin=U6-27
Added Pin To Net: NetName=IN_BUT_2 Pin=U6-28
Added Pin To Net: NetName=IN_BUT_3 Pin=U6-29
Added Pin To Net: NetName=IN_BUT_4 Pin=U6-30
Added Pin To Net: NetName=IN_BUT_5 Pin=U6-31
Added Pin To Net: NetName=IN_BUT_6 Pin=U6-32
Added Pin To Net: NetName=OUT_ERROR_ABOVE Pin=U6-33
Added Pin To Net: NetName=OUT_INVENTER_4 Pin=U6-37
Added Pin To Net: NetName=OUT_INVENTER_3 Pin=U6-38
Added Pin To Net: NetName=OUT_INVENTER_2 Pin=U6-39
Added Pin To Net: NetName=OUT_INVENTER_1 Pin=U6-40
Added Pin To Net: NetName=OUT_ROLE_5 Pin=U6-41
Added Pin To Net: NetName=OUT_ROLE_4 Pin=U6-42
Added Pin To Net: NetName=OUT_ROLE_3 Pin=U6-43
Added Pin To Net: NetName=OUT_ROLE_2 Pin=U6-44
Added Pin To Net: NetName=OUT_ROLE_1 Pin=U6-45
Added Pin To Net: NetName=BUZZER Pin=U6-46
Added Pin To Net: NetName=XRES Pin=U6-47
Added Pin To Net: NetName=VCCD Pin=U6-48
Added Pin To Net: NetName=GND Pin=U6-49
Added Pin To Net: NetName=VDDA Pin=U6-50
Added Pin To Net: NetName=OUT_ERROR_BELOW Pin=U6-51
Added Pin To Net: NetName=OUT_START_FROM Pin=U6-52
Added Pin To Net: NetName=LED_3 Pin=U6-53
Added Pin To Net: NetName=LED_2 Pin=U6-54
Added Pin To Net: NetName=LED_1 Pin=U6-55
Added Pin To Net: NetName=VDDA Pin=U6-56
Added Pin To Net: NetName=GND Pin=U6-57
Added Pin To Net: NetName=LED_SEG_4 Pin=U6-58
Added Pin To Net: NetName=LED_SEG_3 Pin=U6-59
Added Pin To Net: NetName=LED_SEG_2 Pin=U6-60
Added Pin To Net: NetName=LED_SEG_1 Pin=U6-61
Added Pin To Net: NetName=LED_LATCH Pin=U6-62
Added Pin To Net: NetName=LED_SCK Pin=U6-63
Added Pin To Net: NetName=LED_SDA Pin=U6-64
Added Pin To Net: NetName=OUT_ERROR_BELOW Pin=U7-1
Added Pin To Net: NetName=GND Pin=U7-2
Added Pin To Net: NetName=GND_24 Pin=U7-3
Added Pin To Net: NetName=ERROR_BELOW Pin=U7-4
Added Pin To Net: NetName=OUT_INVENTER_1 Pin=U8-1
Added Pin To Net: NetName=GND Pin=U8-2
Added Pin To Net: NetName=GND_24 Pin=U8-3
Added Pin To Net: NetName=INVENTER_1 Pin=U8-4
Added Pin To Net: NetName=OUT_INVENTER_2 Pin=U9-1
Added Pin To Net: NetName=GND Pin=U9-2
Added Pin To Net: NetName=GND_24 Pin=U9-3
Added Pin To Net: NetName=INVENTER_2 Pin=U9-4
Added Pin To Net: NetName=OUT_INVENTER_3 Pin=U10-1
Added Pin To Net: NetName=GND Pin=U10-2
Added Pin To Net: NetName=GND_24 Pin=U10-3
Added Pin To Net: NetName=INVENTER_3 Pin=U10-4
Added Pin To Net: NetName=OUT_INVENTER_4 Pin=U11-1
Added Pin To Net: NetName=GND Pin=U11-2
Added Pin To Net: NetName=GND_24 Pin=U11-3
Added Pin To Net: NetName=INVENTER_4 Pin=U11-4
Added Member To Class: ClassName=SCH Member=Component BJT1 NPN-SOT23
Added Member To Class: ClassName=SCH Member=Component BJT2 NPN-SOT23
Added Member To Class: ClassName=SCH Member=Component BJT3 NPN-SOT23
Added Member To Class: ClassName=SCH Member=Component BJT4 NPN-SOT23
Added Member To Class: ClassName=SCH Member=Component BJT5 NPN-SOT23
Added Member To Class: ClassName=SCH Member=Component BJT6 NPN-SOT23
Added Member To Class: ClassName=SCH Member=Component C1 35V330uF
Added Member To Class: ClassName=SCH Member=Component C2 1000uF/16V
Added Member To Class: ClassName=SCH Member=Component C4 Cap_SMD
Added Member To Class: ClassName=SCH Member=Component C5 Cap_SMD
Added Member To Class: ClassName=SCH Member=Component C6 Cap_SMD
Added Member To Class: ClassName=SCH Member=Component C7 104
Added Member To Class: ClassName=SCH Member=Component C11 104
Added Member To Class: ClassName=SCH Member=Component C12 Cap_SMD
Added Member To Class: ClassName=SCH Member=Component C13 Cap_SMD
Added Member To Class: ClassName=SCH Member=Component C14 Cap_SMD
Added Member To Class: ClassName=SCH Member=Component C15 Cap_SMD
Added Member To Class: ClassName=SCH Member=Component C20 JP2
Added Member To Class: ClassName=SCH Member=Component C23 JP4x1-2.0
Added Member To Class: ClassName=SCH Member=Component C24 JP9
Added Member To Class: ClassName=SCH Member=Component D1 1N4007
Added Member To Class: ClassName=SCH Member=Component D2 SS34
Added Member To Class: ClassName=SCH Member=Component D3 1N4007
Added Member To Class: ClassName=SCH Member=Component D4 1N4007
Added Member To Class: ClassName=SCH Member=Component D7 1N4007
Added Member To Class: ClassName=SCH Member=Component D8 1N4007
Added Member To Class: ClassName=SCH Member=Component D9 1N4007
Added Member To Class: ClassName=SCH Member=Component H1 Terminal2x5.08
Added Member To Class: ClassName=SCH Member=Component H2 Terminal2x5.08
Added Member To Class: ClassName=SCH Member=Component H4 Terminal2x5.08
Added Member To Class: ClassName=SCH Member=Component H5 Terminal2x5.08
Added Member To Class: ClassName=SCH Member=Component H6 Terminal5x5.08
Added Member To Class: ClassName=SCH Member=Component J1 TSS-110-01-G-D
Added Member To Class: ClassName=SCH Member=Component L1 Inductor DR127
Added Member To Class: ClassName=SCH Member=Component LD1 LED SMD
Added Member To Class: ClassName=SCH Member=Component LD2 LED SMD
Added Member To Class: ClassName=SCH Member=Component LD3 LED SMD
Added Member To Class: ClassName=SCH Member=Component LS1 KXG0903C1
Added Member To Class: ClassName=SCH Member=Component R4 Res_SMD
Added Member To Class: ClassName=SCH Member=Component R6 Res_SMD
Added Member To Class: ClassName=SCH Member=Component R7 Res_SMD
Added Member To Class: ClassName=SCH Member=Component R14 Res_SMD
Added Member To Class: ClassName=SCH Member=Component R18 Res_SMD
Added Member To Class: ClassName=SCH Member=Component R21 Res_SMD
Added Member To Class: ClassName=SCH Member=Component R22 Res_SMD
Added Member To Class: ClassName=SCH Member=Component R23 Res_SMD
Added Member To Class: ClassName=SCH Member=Component R24 Res_SMD
Added Member To Class: ClassName=SCH Member=Component R26 Res_SMD
Added Member To Class: ClassName=SCH Member=Component R27 Res_SMD
Added Member To Class: ClassName=SCH Member=Component R29 Res_SMD
Added Member To Class: ClassName=SCH Member=Component R31 Res_SMD
Added Member To Class: ClassName=SCH Member=Component R32 Res_SMD
Added Member To Class: ClassName=SCH Member=Component R33 Res_SMD
Added Member To Class: ClassName=SCH Member=Component R37 Res_SMD
Added Member To Class: ClassName=SCH Member=Component R38 Res_SMD
Added Member To Class: ClassName=SCH Member=Component R39 Res_SMD
Added Member To Class: ClassName=SCH Member=Component R41 Res_SMD
Added Member To Class: ClassName=SCH Member=Component R43 Res_SMD
Added Member To Class: ClassName=SCH Member=Component R45 Res_SMD
Added Member To Class: ClassName=SCH Member=Component R46 Res_SMD
Added Member To Class: ClassName=SCH Member=Component R47 Res_SMD
Added Member To Class: ClassName=SCH Member=Component R48 Res_SMD
Added Member To Class: ClassName=SCH Member=Component R49 Res_SMD
Added Member To Class: ClassName=SCH Member=Component R50 Res_SMD
Added Member To Class: ClassName=SCH Member=Component R51 Res_SMD
Added Member To Class: ClassName=SCH Member=Component R52 Res_SMD
Added Member To Class: ClassName=SCH Member=Component R53 Res_SMD
Added Member To Class: ClassName=SCH Member=Component R54 Res_SMD
Added Member To Class: ClassName=SCH Member=Component R55 Res_SMD
Added Member To Class: ClassName=SCH Member=Component R57 Res_SMD
Added Member To Class: ClassName=SCH Member=Component R58 Res_SMD
Added Member To Class: ClassName=SCH Member=Component R59 Res_SMD
Added Member To Class: ClassName=SCH Member=Component RL1 ReLay12V
Added Member To Class: ClassName=SCH Member=Component RL2 ReLay12V
Added Member To Class: ClassName=SCH Member=Component RL3 ReLay12V
Added Member To Class: ClassName=SCH Member=Component RL4 ReLay12V
Added Member To Class: ClassName=SCH Member=Component RL5 ReLay12V
Added Member To Class: ClassName=SCH Member=Component SW1 Button6x6
Added Member To Class: ClassName=SCH Member=Component SW2 Button6x6
Added Member To Class: ClassName=SCH Member=Component SW3 Button6x6
Added Member To Class: ClassName=SCH Member=Component SW4 Button6x6
Added Member To Class: ClassName=SCH Member=Component SW5 Button6x6
Added Member To Class: ClassName=SCH Member=Component SW6 Button6x6
Added Member To Class: ClassName=SCH Member=Component SW7 Button6x6
Added Member To Class: ClassName=SCH Member=Component T1 Terminal B 3P
Added Member To Class: ClassName=SCH Member=Component T2 Terminal B 3P
Added Member To Class: ClassName=SCH Member=Component T3 Terminal B 3P
Added Member To Class: ClassName=SCH Member=Component T4 Terminal B 3P
Added Member To Class: ClassName=SCH Member=Component T5 Terminal B 3P
Added Member To Class: ClassName=SCH Member=Component T6 TIP41C
Added Member To Class: ClassName=SCH Member=Component T7 Terminal B 3P
Added Member To Class: ClassName=SCH Member=Component T8 Terminal B 3P
Added Member To Class: ClassName=SCH Member=Component T9 Terminal B 3P
Added Member To Class: ClassName=SCH Member=Component T10 Terminal B 3P
Added Member To Class: ClassName=SCH Member=Component T11 Terminal B 3P
Added Member To Class: ClassName=SCH Member=Component T12 Terminal B 3P
Added Member To Class: ClassName=SCH Member=Component U1 LM2576
Added Member To Class: ClassName=SCH Member=Component U2 ULN2003A
Added Member To Class: ClassName=SCH Member=Component U3 74HC595
Added Member To Class: ClassName=SCH Member=Component U4 PC817
Added Member To Class: ClassName=SCH Member=Component U5 PC817
Added Member To Class: ClassName=SCH Member=Component U6 CY8C4247
Added Member To Class: ClassName=SCH Member=Component U7 PC817
Added Member To Class: ClassName=SCH Member=Component U8 PC817
Added Member To Class: ClassName=SCH Member=Component U9 PC817
Added Member To Class: ClassName=SCH Member=Component U10 PC817
Added Member To Class: ClassName=SCH Member=Component U11 PC817
Added Room: Name=SCH
