Removed Pin From Net: NetName=NetBJT1_1 Pin=B1-1
Removed Pin From Net: NetName=GND Pin=B1-2
Removed Pin From Net: NetName=NetBJT1_3 Pin=B1-3
Removed Pin From Net: NetName=NetBJT2_1 Pin=B2-1
Removed Pin From Net: NetName=GND Pin=B2-2
Removed Pin From Net: NetName=NetBJT2_3 Pin=B2-3
Removed Pin From Net: NetName=NetBJT3_1 Pin=B3-1
Removed Pin From Net: NetName=GND Pin=B3-2
Removed Pin From Net: NetName=NetBJT3_3 Pin=B3-3
Removed Pin From Net: NetName=NetBJT4_1 Pin=B4-1
Removed Pin From Net: NetName=GND Pin=B4-2
Removed Pin From Net: NetName=NetBJT4_3 Pin=B4-3
Removed Pin From Net: NetName=NetBJT5_1 Pin=B5-1
Removed Pin From Net: NetName=GND Pin=B5-2
Removed Pin From Net: NetName=NetBJT5_3 Pin=B5-3
Removed Pin From Net: NetName=NetBJT6_1 Pin=B6-1
Removed Pin From Net: NetName=GND Pin=B6-2
Removed Pin From Net: NetName=NetBJT6_3 Pin=B6-3
Removed Pin From Net: NetName=GND Pin=C5-1
Removed Pin From Net: NetName=VDDA Pin=C5-2
Removed Pin From Net: NetName=GND Pin=C8-1
Removed Pin From Net: NetName=ANALOG_1 Pin=C8-2
Removed Pin From Net: NetName=GND Pin=C12-1
Removed Pin From Net: NetName=ANALOG_2 Pin=C12-2
Removed Pin From Net: NetName=GND Pin=C15-1
Removed Pin From Net: NetName=ANALOG_3 Pin=C15-2
Removed Pin From Net: NetName=GND Pin=C19-1
Removed Pin From Net: NetName=ANALOG_4 Pin=C19-2
Removed Pin From Net: NetName=GND Pin=C20-1
Removed Pin From Net: NetName=ANALOG_5 Pin=C20-2
Removed Pin From Net: NetName=GND Pin=C22-1
Removed Pin From Net: NetName=ANALOG_6 Pin=C22-2
Removed Pin From Net: NetName=VDDA Pin=C24-1
Removed Pin From Net: NetName=GND Pin=C24-2
Removed Pin From Net: NetName=GND Pin=C25-1
Removed Pin From Net: NetName=VCCD Pin=C25-2
Removed Pin From Net: NetName=GND Pin=C26-1
Removed Pin From Net: NetName=VDDA Pin=C26-2
Removed Pin From Net: NetName=GND Pin=C27-1
Removed Pin From Net: NetName=VDDA Pin=C27-2
Removed Pin From Net: NetName=GND Pin=C28-1
Removed Pin From Net: NetName=VDDA Pin=C28-2
Removed Pin From Net: NetName=GND Pin=C29-1
Removed Pin From Net: NetName=VDDA Pin=C29-2
Removed Pin From Net: NetName=VDDA Pin=C30-1
Removed Pin From Net: NetName=GND Pin=C30-2
Removed Pin From Net: NetName=XRES Pin=C30-3
Removed Pin From Net: NetName=SWCLK Pin=C30-4
Removed Pin From Net: NetName=SWDIO Pin=C30-5
Removed Pin From Net: NetName=GND Pin=C31-1
Removed Pin From Net: NetName=XRES Pin=C31-2
Removed Pin From Net: NetName=BUT_UP Pin=D1-1
Removed Pin From Net: NetName=BUT_IN_1 Pin=D1-2
Removed Pin From Net: NetName=POWER_IN Pin=D2-1
Removed Pin From Net: NetName=24V Pin=D2-2
Removed Pin From Net: NetName=BUT_DOWN Pin=D3-1
Removed Pin From Net: NetName=BUT_IN_2 Pin=D3-2
Removed Pin From Net: NetName=BUT_SET_1 Pin=D4-1
Removed Pin From Net: NetName=BUT_IN_3 Pin=D4-2
Removed Pin From Net: NetName=NetBJT1_3 Pin=D5-1
Removed Pin From Net: NetName=24V Pin=D5-2
Removed Pin From Net: NetName=GND Pin=D6-1
Removed Pin From Net: NetName=NetD6_2 Pin=D6-2
Removed Pin From Net: NetName=BUT_SET_1 Pin=D7-1
Removed Pin From Net: NetName=BUT_IN_4 Pin=D7-2
Removed Pin From Net: NetName=BUT_TURN_ON Pin=D8-1
Removed Pin From Net: NetName=BUT_IN_5 Pin=D8-2
Removed Pin From Net: NetName=BUT_TURN_OFF Pin=D9-1
Removed Pin From Net: NetName=BUT_IN_6 Pin=D9-2
Removed Pin From Net: NetName=NetBJT2_3 Pin=D10-1
Removed Pin From Net: NetName=24V Pin=D10-2
Removed Pin From Net: NetName=NetBJT3_3 Pin=D11-1
Removed Pin From Net: NetName=24V Pin=D11-2
Removed Pin From Net: NetName=NetBJT4_3 Pin=D12-1
Removed Pin From Net: NetName=24V Pin=D12-2
Removed Pin From Net: NetName=NetBJT5_3 Pin=D13-1
Removed Pin From Net: NetName=24V Pin=D13-2
Removed Pin From Net: NetName=NetBJT6_3 Pin=D14-1
Removed Pin From Net: NetName=VDDA Pin=D14-2
Removed Pin From Net: NetName=VDDA Pin=LED1-1
Removed Pin From Net: NetName=NetLED2_1 Pin=LED2-1
Removed Pin From Net: NetName=GND Pin=LED2-2
Removed Pin From Net: NetName=VDDA Pin=LED3-1
Removed Pin From Net: NetName=VDDA Pin=LED4-1
Removed Pin From Net: NetName=VDDA Pin=LED5-1
Removed Pin From Net: NetName=VDDA Pin=LED6-1
Removed Pin From Net: NetName=LED_1 Pin=LED7-2
Removed Pin From Net: NetName=LED_2 Pin=LED8-2
Removed Pin From Net: NetName=LED_3 Pin=LED9-2
Removed Pin From Net: NetName=NetLED2_1 Pin=R1-1
Removed Pin From Net: NetName=VDDA Pin=R1-2
Removed Pin From Net: NetName=ENCODER_B Pin=R2-1
Removed Pin From Net: NetName=VDDA Pin=R2-2
Removed Pin From Net: NetName=NetBJT1_1 Pin=R3-2
Removed Pin From Net: NetName=ENCODER_A Pin=R4-1
Removed Pin From Net: NetName=VDDA Pin=R4-2
Removed Pin From Net: NetName=NetBJT1_1 Pin=R5-1
Removed Pin From Net: NetName=OUT_ROLE_1 Pin=R5-2
Removed Pin From Net: NetName=NetBJT1_1 Pin=R7-1
Removed Pin From Net: NetName=GND Pin=R7-2
Removed Pin From Net: NetName=ANA_IN_1 Pin=R8-1
Removed Pin From Net: NetName=ANALOG_1 Pin=R8-2
Removed Pin From Net: NetName=ANALOG_1 Pin=R9-1
Removed Pin From Net: NetName=GND Pin=R9-2
Removed Pin From Net: NetName=NetBJT2_1 Pin=R16-2
Removed Pin From Net: NetName=ANA_IN_2 Pin=R19-1
Removed Pin From Net: NetName=ANALOG_2 Pin=R19-2
Removed Pin From Net: NetName=ANALOG_2 Pin=R22-1
Removed Pin From Net: NetName=GND Pin=R22-2
Removed Pin From Net: NetName=NetBJT2_1 Pin=R23-1
Removed Pin From Net: NetName=OUT_ROLE_2 Pin=R23-2
Removed Pin From Net: NetName=NetBJT2_1 Pin=R26-1
Removed Pin From Net: NetName=GND Pin=R26-2
Removed Pin From Net: NetName=ANA_IN_3 Pin=R27-1
Removed Pin From Net: NetName=ANALOG_3 Pin=R27-2
Removed Pin From Net: NetName=ANALOG_3 Pin=R28-1
Removed Pin From Net: NetName=GND Pin=R28-2
Removed Pin From Net: NetName=24V Pin=R31-1
Removed Pin From Net: NetName=KDT_OUT Pin=R31-2
Removed Pin From Net: NetName=ANA_IN_4 Pin=R32-1
Removed Pin From Net: NetName=ANALOG_4 Pin=R32-2
Removed Pin From Net: NetName=OUT_1 Pin=R33-1
Removed Pin From Net: NetName=24V Pin=R33-2
Removed Pin From Net: NetName=ANALOG_4 Pin=R34-1
Removed Pin From Net: NetName=GND Pin=R34-2
Removed Pin From Net: NetName=NetBJT3_1 Pin=R35-2
Removed Pin From Net: NetName=NetBJT3_1 Pin=R36-1
Removed Pin From Net: NetName=OUT_ROLE_3 Pin=R36-2
Removed Pin From Net: NetName=NetBJT3_1 Pin=R37-1
Removed Pin From Net: NetName=GND Pin=R37-2
Removed Pin From Net: NetName=ANA_IN_5 Pin=R38-1
Removed Pin From Net: NetName=ANALOG_5 Pin=R38-2
Removed Pin From Net: NetName=OUT_2 Pin=R39-1
Removed Pin From Net: NetName=24V Pin=R39-2
Removed Pin From Net: NetName=ANALOG_5 Pin=R40-1
Removed Pin From Net: NetName=GND Pin=R40-2
Removed Pin From Net: NetName=NetBJT4_1 Pin=R41-2
Removed Pin From Net: NetName=ANA_IN_6 Pin=R42-1
Removed Pin From Net: NetName=ANALOG_6 Pin=R42-2
Removed Pin From Net: NetName=NetBJT4_1 Pin=R43-1
Removed Pin From Net: NetName=OUT_ROLE_4 Pin=R43-2
Removed Pin From Net: NetName=ANALOG_6 Pin=R44-1
Removed Pin From Net: NetName=GND Pin=R44-2
Removed Pin From Net: NetName=NetBJT4_1 Pin=R45-1
Removed Pin From Net: NetName=GND Pin=R45-2
Removed Pin From Net: NetName=OUT_3 Pin=R46-1
Removed Pin From Net: NetName=24V Pin=R46-2
Removed Pin From Net: NetName=NetBJT5_1 Pin=R47-2
Removed Pin From Net: NetName=NetBJT5_1 Pin=R48-1
Removed Pin From Net: NetName=OUT_ROLE_5 Pin=R48-2
Removed Pin From Net: NetName=OUT_4 Pin=R49-1
Removed Pin From Net: NetName=24V Pin=R49-2
Removed Pin From Net: NetName=NetBJT5_1 Pin=R50-1
Removed Pin From Net: NetName=GND Pin=R50-2
Removed Pin From Net: NetName=OUT_5 Pin=R51-1
Removed Pin From Net: NetName=24V Pin=R51-2
Removed Pin From Net: NetName=OUT_6 Pin=R52-1
Removed Pin From Net: NetName=24V Pin=R52-2
Removed Pin From Net: NetName=OUT_7 Pin=R53-1
Removed Pin From Net: NetName=24V Pin=R53-2
Removed Pin From Net: NetName=NetBJT6_1 Pin=R54-1
Removed Pin From Net: NetName=BUZZER Pin=R54-2
Removed Pin From Net: NetName=VDDA Pin=R55-2
Removed Pin From Net: NetName=VDDA Pin=R56-1
Removed Pin From Net: NetName=XRES Pin=R56-2
Removed Pin From Net: NetName=GND_24 Pin=R57-1
Removed Pin From Net: NetName=GND Pin=R57-2
Removed Pin From Net: NetName=VDDA Pin=R58-2
Removed Pin From Net: NetName=VDDA Pin=R59-2
Removed Pin From Net: NetName=NetBJT1_3 Pin=RL1-4
Removed Pin From Net: NetName=24V Pin=RL1-5
Removed Pin From Net: NetName=NetBJT2_3 Pin=RL2-4
Removed Pin From Net: NetName=24V Pin=RL2-5
Removed Pin From Net: NetName=NetBJT3_3 Pin=RL3-4
Removed Pin From Net: NetName=24V Pin=RL3-5
Removed Pin From Net: NetName=NetBJT4_3 Pin=RL4-4
Removed Pin From Net: NetName=24V Pin=RL4-5
Removed Pin From Net: NetName=NetBJT5_3 Pin=RL5-4
Removed Pin From Net: NetName=24V Pin=RL5-5
Removed Pin From Net: NetName=XRES Pin=SW7-1
Removed Pin From Net: NetName=XRES Pin=SW7-2
Removed Pin From Net: NetName=GND Pin=SW7-3
Removed Pin From Net: NetName=GND Pin=SW7-4
Removed Pin From Net: NetName=OUT_1 Pin=T4-1
Removed Pin From Net: NetName=KDT_OUT Pin=T4-2
Removed Pin From Net: NetName=GND Pin=T4-3
Removed Pin From Net: NetName=OUT_M_1 Pin=U4-1
Removed Pin From Net: NetName=GND Pin=U4-2
Removed Pin From Net: NetName=GND_24 Pin=U4-3
Removed Pin From Net: NetName=OUT_1 Pin=U4-4
Removed Pin From Net: NetName=OUT_M_2 Pin=U5-1
Removed Pin From Net: NetName=GND Pin=U5-2
Removed Pin From Net: NetName=GND_24 Pin=U5-3
Removed Pin From Net: NetName=OUT_2 Pin=U5-4
Removed Pin From Net: NetName=OUT_M_3 Pin=U6-1
Removed Pin From Net: NetName=GND Pin=U6-2
Removed Pin From Net: NetName=GND_24 Pin=U6-3
Removed Pin From Net: NetName=OUT_3 Pin=U6-4
Removed Pin From Net: NetName=OUT_M_4 Pin=U7-1
Removed Pin From Net: NetName=GND Pin=U7-2
Removed Pin From Net: NetName=GND_24 Pin=U7-3
Removed Pin From Net: NetName=OUT_4 Pin=U7-4
Removed Pin From Net: NetName=OUT_M_5 Pin=U9-1
Removed Pin From Net: NetName=GND Pin=U9-2
Removed Pin From Net: NetName=GND_24 Pin=U9-3
Removed Pin From Net: NetName=OUT_5 Pin=U9-4
Removed Pin From Net: NetName=OUT_M_6 Pin=U10-1
Removed Pin From Net: NetName=GND Pin=U10-2
Removed Pin From Net: NetName=GND_24 Pin=U10-3
Removed Pin From Net: NetName=OUT_6 Pin=U10-4
Removed Pin From Net: NetName=OUT_M_7 Pin=U11-1
Removed Pin From Net: NetName=GND Pin=U11-2
Removed Pin From Net: NetName=GND_24 Pin=U11-3
Removed Pin From Net: NetName=OUT_7 Pin=U11-4
Removed Member From Class: ClassName=SCH Member=B1
Removed Member From Class: ClassName=SCH Member=B2
Removed Member From Class: ClassName=SCH Member=B3
Removed Member From Class: ClassName=SCH Member=B4
Removed Member From Class: ClassName=SCH Member=B5
Removed Member From Class: ClassName=SCH Member=B6
Removed Member From Class: ClassName=SCH Member=C28
Removed Member From Class: ClassName=SCH Member=C29
Removed Member From Class: ClassName=SCH Member=C30
Removed Member From Class: ClassName=SCH Member=C31
Removed Member From Class: ClassName=SCH Member=LED7
Removed Member From Class: ClassName=SCH Member=LED8
Removed Member From Class: ClassName=SCH Member=LED9
Change Component Designator: OldDesignator=C6 NewDesignator=C4
Change Component Designator: OldDesignator=C7 NewDesignator=C5
Change Component Designator: OldDesignator=C10 NewDesignator=C8
Change Component Designator: OldDesignator=C11 NewDesignator=C9
Change Component Designator: OldDesignator=C13 NewDesignator=C12
Change Component Designator: OldDesignator=C14 NewDesignator=C13
Change Component Designator: OldDesignator=H1 NewDesignator=H2
Change Component Designator: OldDesignator=H2 NewDesignator=H3
Change Component Designator: OldDesignator=H3 NewDesignator=H4
Change Component Designator: OldDesignator=H4 NewDesignator=H5
Change Component Designator: OldDesignator=R10 NewDesignator=R11
Change Component Designator: OldDesignator=R11 NewDesignator=R12
Change Component Designator: OldDesignator=R12 NewDesignator=R13
Change Component Designator: OldDesignator=R13 NewDesignator=R14
Change Component Designator: OldDesignator=R14 NewDesignator=R15
Change Component Designator: OldDesignator=R15 NewDesignator=R16
Change Component Designator: OldDesignator=R18 NewDesignator=R19
Change Component Designator: OldDesignator=R21 NewDesignator=R23
Change Component Designator: OldDesignator=R24 NewDesignator=R25
Change Component Designator: OldDesignator=R25 NewDesignator=R26
Change Component Designator: OldDesignator=R29 NewDesignator=R30
Change Component Designator: OldDesignator=R30 NewDesignator=R31
Change Component Designator: OldDesignator=T1 NewDesignator=T2
Change Component Designator: OldDesignator=T2 NewDesignator=T4
Change Component Designator: OldDesignator=T3 NewDesignator=T5
Change Component Designator: OldDesignator=T5 NewDesignator=T7
Change Component Designator: OldDesignator=T6 NewDesignator=T9
Change Component Designator: OldDesignator=T7 NewDesignator=T11
Change Component Designator: OldDesignator=U8 NewDesignator=U7
Added Component: Designator=BJT1(SOT-23)
Added Component: Designator=BJT2(SOT-23)
Added Component: Designator=BJT3(SOT-23)
Added Component: Designator=BJT4(SOT-23)
Added Component: Designator=BJT5(SOT-23)
Added Component: Designator=BJT6(SOT-23)
Added Component: Designator=C7(CAP_SMD_1206)
Added Component: Designator=C11(CAP_SMD_1206)
Added Component: Designator=C15(CAP_SMD_1206)
Added Component: Designator=C18(CAP_SMD_1206)
Added Component: Designator=C20(CAP_SMD_1206)
Added Component: Designator=C21(CAP_SMD_1206)
Added Component: Designator=C22(Cap_SMD_0805)
Added Component: Designator=C26(Cap_SMD_0805)
Added Component: Designator=C27(CAP_SMD_1206)
Added Component: Designator=D1(Diode M7)
Added Component: Designator=D2(SMB)
Added Component: Designator=D3(Diode M7)
Added Component: Designator=D4(Diode M7)
Added Component: Designator=D7(Diode M7)
Added Component: Designator=D8(Diode M7)
Added Component: Designator=D9(Diode M7)
Added Component: Designator=H1(EDG2P508)
Added Component: Designator=LD1(LED3)
Added Component: Designator=LD2(LED3)
Added Component: Designator=LD3(LED3)
Added Component: Designator=R3(Res_SMD_1206)
Added Component: Designator=R4(Res_SMD_1206)
Added Component: Designator=R8(Res_SMD_1206)
Added Component: Designator=R9(Res_SMD_1206)
Added Component: Designator=R18(Res_SMD_1206)
Added Component: Designator=R22(Res_SMD_1206)
Added Component: Designator=R27(Res_SMD_1206)
Added Component: Designator=R28(Res_SMD_1206)
Added Component: Designator=R29(Res_SMD_1206)
Added Component: Designator=R33(Res_SMD_1206)
Added Component: Designator=R34(RES_SMD_2512)
Added Component: Designator=R35(Res_SMD_1206)
Added Component: Designator=R38(Res_SMD_1206)
Added Component: Designator=R39(Res_SMD_1206)
Added Component: Designator=R40(Res_SMD_1206)
Added Component: Designator=R44(Res_SMD_1206)
Added Component: Designator=R45(Res_SMD_1206)
Added Component: Designator=R46(Res_SMD_1206)
Added Component: Designator=R50(Res_SMD_1206)
Added Component: Designator=R51(Res_SMD_1206)
Added Component: Designator=R52(Res_SMD_1206)
Added Component: Designator=R53(Res_SMD_1206)
Added Component: Designator=R54(Res_SMD_1206)
Added Component: Designator=R56(Res_SMD_1206)
Added Component: Designator=R57(Res_SMD_1206)
Added Component: Designator=R58(Res_SMD_1206)
Added Component: Designator=R59(Res_SMD_1206)
Added Component: Designator=RL1(Relay 12V)
Added Component: Designator=RL2(Relay 12V)
Added Component: Designator=RL3(Relay 12V)
Added Component: Designator=RL4(Relay 12V)
Added Component: Designator=RL5(Relay 12V)
Added Component: Designator=SW7(Button6x6smd)
Added Component: Designator=T1(Terminal-3p-381)
Added Component: Designator=T3(Terminal-3p-381)
Added Component: Designator=T6(Terminal-3p-381)
Added Component: Designator=T8(TO252)
Added Component: Designator=T10(Terminal-3p-381)
Added Component: Designator=T12(Terminal-3p-381)
Added Component: Designator=U4(PC817)
Added Component: Designator=U5(PC817)
Added Component: Designator=U6(PC817)
Added Component: Designator=U8(PC817)
Added Component: Designator=U9(PC817)
Added Component: Designator=U10(PC817)
Added Component: Designator=U11(PC817)
Added Pin To Net: NetName=NetBJT1_1 Pin=BJT1-1
Added Pin To Net: NetName=GND Pin=BJT1-2
Added Pin To Net: NetName=NetBJT1_3 Pin=BJT1-3
Added Pin To Net: NetName=NetBJT2_1 Pin=BJT2-1
Added Pin To Net: NetName=GND Pin=BJT2-2
Added Pin To Net: NetName=NetBJT2_3 Pin=BJT2-3
Added Pin To Net: NetName=NetBJT3_1 Pin=BJT3-1
Added Pin To Net: NetName=GND Pin=BJT3-2
Added Pin To Net: NetName=NetBJT3_3 Pin=BJT3-3
Added Pin To Net: NetName=NetBJT4_1 Pin=BJT4-1
Added Pin To Net: NetName=GND Pin=BJT4-2
Added Pin To Net: NetName=NetBJT4_3 Pin=BJT4-3
Added Pin To Net: NetName=NetBJT5_1 Pin=BJT5-1
Added Pin To Net: NetName=GND Pin=BJT5-2
Added Pin To Net: NetName=NetBJT5_3 Pin=BJT5-3
Added Pin To Net: NetName=NetBJT6_1 Pin=BJT6-1
Added Pin To Net: NetName=GND Pin=BJT6-2
Added Pin To Net: NetName=NetBJT6_3 Pin=BJT6-3
Added Pin To Net: NetName=GND Pin=C7-1
Added Pin To Net: NetName=ANALOG_1 Pin=C7-2
Added Pin To Net: NetName=GND Pin=C11-1
Added Pin To Net: NetName=ANALOG_1 Pin=C11-2
Added Pin To Net: NetName=GND Pin=C15-1
Added Pin To Net: NetName=ANALOG_1 Pin=C15-2
Added Pin To Net: NetName=GND Pin=C18-1
Added Pin To Net: NetName=ANALOG_1 Pin=C18-2
Added Pin To Net: NetName=GND Pin=C20-1
Added Pin To Net: NetName=ANALOG_1 Pin=C20-2
Added Pin To Net: NetName=GND Pin=C21-1
Added Pin To Net: NetName=ANALOG_1 Pin=C21-2
Added Pin To Net: NetName=VDDA Pin=C22-1
Added Pin To Net: NetName=GND Pin=C22-2
Added Pin To Net: NetName=VDDA Pin=C26-1
Added Pin To Net: NetName=GND Pin=C26-2
Added Pin To Net: NetName=GND Pin=C27-1
Added Pin To Net: NetName=XRES Pin=C27-2
Added Pin To Net: NetName=BUT_IN_1 Pin=D1-2
Added Pin To Net: NetName=POWER_IN Pin=D2-1
Added Pin To Net: NetName=24V Pin=D2-2
Added Pin To Net: NetName=BUT_IN_2 Pin=D3-2
Added Pin To Net: NetName=BUT_IN_3 Pin=D4-2
Added Pin To Net: NetName=BUT_IN_4 Pin=D7-2
Added Pin To Net: NetName=BUT_IN_5 Pin=D8-2
Added Pin To Net: NetName=BUT_IN_6 Pin=D9-2
Added Pin To Net: NetName=POWER_IN Pin=H1-1
Added Pin To Net: NetName=GND Pin=H1-2
Added Pin To Net: NetName=LED_1 Pin=LD1-2
Added Pin To Net: NetName=LED_2 Pin=LD2-2
Added Pin To Net: NetName=LED_3 Pin=LD3-2
Added Pin To Net: NetName=ENCODER_B Pin=R3-1
Added Pin To Net: NetName=VDDA Pin=R3-2
Added Pin To Net: NetName=ENCODER_A Pin=R4-1
Added Pin To Net: NetName=VDDA Pin=R4-2
Added Pin To Net: NetName=ANA_IN_1 Pin=R8-1
Added Pin To Net: NetName=ANALOG_1 Pin=R8-2
Added Pin To Net: NetName=ANALOG_1 Pin=R9-1
Added Pin To Net: NetName=GND Pin=R9-2
Added Pin To Net: NetName=ANA_IN_1 Pin=R18-1
Added Pin To Net: NetName=ANALOG_1 Pin=R18-2
Added Pin To Net: NetName=ANALOG_1 Pin=R22-1
Added Pin To Net: NetName=GND Pin=R22-2
Added Pin To Net: NetName=ANA_IN_1 Pin=R27-1
Added Pin To Net: NetName=ANALOG_1 Pin=R27-2
Added Pin To Net: NetName=ANALOG_1 Pin=R28-1
Added Pin To Net: NetName=GND Pin=R28-2
Added Pin To Net: NetName=ANA_IN_1 Pin=R29-1
Added Pin To Net: NetName=ANALOG_1 Pin=R29-2
Added Pin To Net: NetName=ANALOG_1 Pin=R33-1
Added Pin To Net: NetName=GND Pin=R33-2
Added Pin To Net: NetName=24V Pin=R34-1
Added Pin To Net: NetName=KDT_OUT Pin=R34-2
Added Pin To Net: NetName=OUT_1 Pin=R35-1
Added Pin To Net: NetName=24V Pin=R35-2
Added Pin To Net: NetName=ANA_IN_1 Pin=R38-1
Added Pin To Net: NetName=ANALOG_1 Pin=R38-2
Added Pin To Net: NetName=ANALOG_1 Pin=R39-1
Added Pin To Net: NetName=GND Pin=R39-2
Added Pin To Net: NetName=OUT_5 Pin=R40-1
Added Pin To Net: NetName=24V Pin=R40-2
Added Pin To Net: NetName=ANA_IN_1 Pin=R44-1
Added Pin To Net: NetName=ANALOG_1 Pin=R44-2
Added Pin To Net: NetName=ANALOG_1 Pin=R45-1
Added Pin To Net: NetName=GND Pin=R45-2
Added Pin To Net: NetName=OUT_5 Pin=R46-1
Added Pin To Net: NetName=24V Pin=R46-2
Added Pin To Net: NetName=OUT_5 Pin=R50-1
Added Pin To Net: NetName=24V Pin=R50-2
Added Pin To Net: NetName=OUT_5 Pin=R51-1
Added Pin To Net: NetName=24V Pin=R51-2
Added Pin To Net: NetName=OUT_5 Pin=R52-1
Added Pin To Net: NetName=24V Pin=R52-2
Added Pin To Net: NetName=VDDA Pin=R53-1
Added Pin To Net: NetName=XRES Pin=R53-2
Added Pin To Net: NetName=OUT_5 Pin=R54-1
Added Pin To Net: NetName=24V Pin=R54-2
Added Pin To Net: NetName=VDDA Pin=R56-1
Added Pin To Net: NetName=VDDA Pin=R57-1
Added Pin To Net: NetName=VDDA Pin=R58-1
Added Pin To Net: NetName=GND_24 Pin=R59-1
Added Pin To Net: NetName=GND Pin=R59-2
Added Pin To Net: NetName=NetBJT1_3 Pin=RL1-4
Added Pin To Net: NetName=24V Pin=RL1-5
Added Pin To Net: NetName=NetBJT2_3 Pin=RL2-4
Added Pin To Net: NetName=24V Pin=RL2-5
Added Pin To Net: NetName=NetBJT3_3 Pin=RL3-4
Added Pin To Net: NetName=24V Pin=RL3-5
Added Pin To Net: NetName=NetBJT4_3 Pin=RL4-4
Added Pin To Net: NetName=24V Pin=RL4-5
Added Pin To Net: NetName=NetBJT5_3 Pin=RL5-4
Added Pin To Net: NetName=24V Pin=RL5-5
Added Pin To Net: NetName=XRES Pin=SW7-1
Added Pin To Net: NetName=XRES Pin=SW7-2
Added Pin To Net: NetName=GND Pin=SW7-3
Added Pin To Net: NetName=GND Pin=SW7-4
Added Pin To Net: NetName=OUT_1 Pin=T8-1
Added Pin To Net: NetName=KDT_OUT Pin=T8-2
Added Pin To Net: NetName=GND Pin=T8-3
Added Pin To Net: NetName=OUT_M_1 Pin=U4-1
Added Pin To Net: NetName=GND Pin=U4-2
Added Pin To Net: NetName=GND_24 Pin=U4-3
Added Pin To Net: NetName=OUT_1 Pin=U4-4
Added Pin To Net: NetName=OUT_M_5 Pin=U5-1
Added Pin To Net: NetName=GND Pin=U5-2
Added Pin To Net: NetName=GND_24 Pin=U5-3
Added Pin To Net: NetName=OUT_5 Pin=U5-4
Added Pin To Net: NetName=OUT_M_5 Pin=U6-1
Added Pin To Net: NetName=GND Pin=U6-2
Added Pin To Net: NetName=GND_24 Pin=U6-3
Added Pin To Net: NetName=OUT_5 Pin=U6-4
Added Pin To Net: NetName=OUT_M_5 Pin=U8-1
Added Pin To Net: NetName=GND Pin=U8-2
Added Pin To Net: NetName=GND_24 Pin=U8-3
Added Pin To Net: NetName=OUT_5 Pin=U8-4
Added Pin To Net: NetName=OUT_M_5 Pin=U9-1
Added Pin To Net: NetName=GND Pin=U9-2
Added Pin To Net: NetName=GND_24 Pin=U9-3
Added Pin To Net: NetName=OUT_5 Pin=U9-4
Added Pin To Net: NetName=OUT_M_5 Pin=U10-1
Added Pin To Net: NetName=GND Pin=U10-2
Added Pin To Net: NetName=GND_24 Pin=U10-3
Added Pin To Net: NetName=OUT_5 Pin=U10-4
Added Pin To Net: NetName=OUT_M_5 Pin=U11-1
Added Pin To Net: NetName=GND Pin=U11-2
Added Pin To Net: NetName=GND_24 Pin=U11-3
Added Pin To Net: NetName=OUT_5 Pin=U11-4
Change Net Name : Old Net Name=NetR11_1 New Net Name=NetR12_1
Change Net Name : Old Net Name=NetR13_1 New Net Name=NetR14_1
Change Net Name : Old Net Name=NetR14_1 New Net Name=NetR15_1
Change Net Name : Old Net Name=NetR15_1 New Net Name=NetR16_1
Change Net Name : Old Net Name=NetR18_1 New Net Name=NetR19_1
Change Net Name : Old Net Name=NetR21_1 New Net Name=NetR23_1
Added Pin To Net: NetName=BUT_1 Pin=D1-1
Added Net: Name=BUT_1
Added Pin To Net: NetName=BUT_2 Pin=D3-1
Added Net: Name=BUT_2
Added Pin To Net: NetName=BUT_3 Pin=D4-1
Added Net: Name=BUT_3
Added Pin To Net: NetName=BUT_4 Pin=D7-1
Added Net: Name=BUT_4
Added Pin To Net: NetName=BUT_5 Pin=D8-1
Added Net: Name=BUT_5
Added Pin To Net: NetName=BUT_6 Pin=D9-1
Added Net: Name=BUT_6
Added Pin To Net: NetName=NetLD1_1 Pin=LD1-1
Added Pin To Net: NetName=NetLD1_1 Pin=R56-2
Added Net: Name=NetLD1_1
Added Pin To Net: NetName=NetLD2_1 Pin=LD2-1
Added Pin To Net: NetName=NetLD2_1 Pin=R57-2
Added Net: Name=NetLD2_1
Added Pin To Net: NetName=NetLD3_1 Pin=LD3-1
Added Pin To Net: NetName=NetLD3_1 Pin=R58-2
Added Net: Name=NetLD3_1
Added Net: Name=NetLED1_1
Added Net: Name=NetLED3_1
Added Net: Name=NetLED4_1
Added Net: Name=NetLED5_1
Added Net: Name=NetLED6_1
Added Pin To Net: NetName=NetRL1_1 Pin=RL1-1
Added Pin To Net: NetName=NetRL1_1 Pin=T1-2
Added Net: Name=NetRL1_1
Added Pin To Net: NetName=NetRL1_2 Pin=RL1-2
Added Pin To Net: NetName=NetRL1_2 Pin=T1-3
Added Net: Name=NetRL1_2
Added Pin To Net: NetName=NetRL1_3 Pin=RL1-3
Added Pin To Net: NetName=NetRL1_3 Pin=T1-1
Added Net: Name=NetRL1_3
Added Pin To Net: NetName=NetRL2_1 Pin=RL2-1
Added Pin To Net: NetName=NetRL2_1 Pin=T3-2
Added Net: Name=NetRL2_1
Added Pin To Net: NetName=NetRL2_2 Pin=RL2-2
Added Pin To Net: NetName=NetRL2_2 Pin=T3-3
Added Net: Name=NetRL2_2
Added Pin To Net: NetName=NetRL2_3 Pin=RL2-3
Added Pin To Net: NetName=NetRL2_3 Pin=T3-1
Added Net: Name=NetRL2_3
Added Pin To Net: NetName=NetRL3_1 Pin=RL3-1
Added Pin To Net: NetName=NetRL3_1 Pin=T6-2
Added Net: Name=NetRL3_1
Added Pin To Net: NetName=NetRL3_2 Pin=RL3-2
Added Pin To Net: NetName=NetRL3_2 Pin=T6-3
Added Net: Name=NetRL3_2
Added Pin To Net: NetName=NetRL3_3 Pin=RL3-3
Added Pin To Net: NetName=NetRL3_3 Pin=T6-1
Added Net: Name=NetRL3_3
Added Pin To Net: NetName=NetRL4_1 Pin=RL4-1
Added Pin To Net: NetName=NetRL4_1 Pin=T10-2
Added Net: Name=NetRL4_1
Added Pin To Net: NetName=NetRL4_2 Pin=RL4-2
Added Pin To Net: NetName=NetRL4_2 Pin=T10-3
Added Net: Name=NetRL4_2
Added Pin To Net: NetName=NetRL4_3 Pin=RL4-3
Added Pin To Net: NetName=NetRL4_3 Pin=T10-1
Added Net: Name=NetRL4_3
Added Pin To Net: NetName=NetRL5_1 Pin=RL5-1
Added Pin To Net: NetName=NetRL5_1 Pin=T12-2
Added Net: Name=NetRL5_1
Added Pin To Net: NetName=NetRL5_2 Pin=RL5-2
Added Pin To Net: NetName=NetRL5_2 Pin=T12-3
Added Net: Name=NetRL5_2
Added Pin To Net: NetName=NetRL5_3 Pin=RL5-3
Added Pin To Net: NetName=NetRL5_3 Pin=T12-1
Added Net: Name=NetRL5_3
Added Member To Class: ClassName=SCH Member=Component BJT1 NPN-SOT23
Added Member To Class: ClassName=SCH Member=Component BJT2 NPN-SOT23
Added Member To Class: ClassName=SCH Member=Component BJT3 NPN-SOT23
Added Member To Class: ClassName=SCH Member=Component BJT4 NPN-SOT23
Added Member To Class: ClassName=SCH Member=Component BJT5 NPN-SOT23
Added Member To Class: ClassName=SCH Member=Component BJT6 NPN-SOT23
Added Member To Class: ClassName=SCH Member=Component C2 JP4x1-2.0
Added Member To Class: ClassName=SCH Member=Component C17 Cap_SMD
Added Member To Class: ClassName=SCH Member=Component H5 Terminal5x5.08
Added Member To Class: ClassName=SCH Member=Component LD1 LED SMD
Added Member To Class: ClassName=SCH Member=Component LD2 LED SMD
Added Member To Class: ClassName=SCH Member=Component LD3 LED SMD
Added Member To Class: ClassName=SCH Member=Component LS1 buzzer_5V
Added Member To Class: ClassName=SCH Member=Component R12 Res_SMD
Added Member To Class: ClassName=SCH Member=Component R25 Res_SMD
Added Member To Class: ClassName=SCH Member=Component R30 Res_SMD
Added Member To Class: ClassName=SCH Member=Component SW2 Button6x6
Added Member To Class: ClassName=SCH Member=Component SW4 Button6x6
Added Member To Class: ClassName=SCH Member=Component SW6 Button6x6
Added Member To Class: ClassName=SCH Member=Component T1 Terminal B 3P
Added Member To Class: ClassName=SCH Member=Component T8 TIP41C
Added Member To Class: ClassName=SCH Member=Component T9 Terminal B 3P
Added Member To Class: ClassName=SCH Member=Component T10 Terminal B 3P
Added Member To Class: ClassName=SCH Member=Component T11 Terminal B 3P
Added Member To Class: ClassName=SCH Member=Component T12 Terminal B 3P
Added Room: Name=SCH
