Change Component Designator: Old Designator=C2 New Designator=C23
Change Component Designator: Old Designator=C3 New Designator=C1
Change Component Designator: Old Designator=C5 New Designator=C2
Change Component Designator: Old Designator=C6 New Designator=C3
Change Component Designator: Old Designator=C7 New Designator=C4
Change Component Designator: Old Designator=C10 New Designator=C16
Change Component Designator: Old Designator=C11 New Designator=C5
Change Component Designator: Old Designator=C14 New Designator=C18
Change Component Designator: Old Designator=C15 New Designator=C11
Change Component Designator: Old Designator=C18 New Designator=C12
Change Component Designator: Old Designator=C19 New Designator=C21
Change Component Designator: Old Designator=C20 New Designator=C14
Change Component Designator: Old Designator=C21 New Designator=C15
Change Component Designator: Old Designator=C22 New Designator=C6
Change Component Designator: Old Designator=C23 New Designator=C7
Change Component Designator: Old Designator=C24 New Designator=C8
Change Component Designator: Old Designator=C25 New Designator=C9
Change Component Designator: Old Designator=C26 New Designator=C10
Change Component Designator: Old Designator=C27 New Designator=C13
Change Component Designator: Old Designator=C? New Designator=C17
Change Component Designator: Old Designator=C? New Designator=C19
Change Component Designator: Old Designator=C? New Designator=C20
Change Component Designator: Old Designator=C? New Designator=C22
Change Component Designator: Old Designator=C? New Designator=C24
Change Component Designator: Old Designator=H3 New Designator=H4
Change Component Designator: Old Designator=H4 New Designator=H5
Change Component Designator: Old Designator=H5 New Designator=H6
Change Component Designator: Old Designator=H6 New Designator=H3
Change Component Designator: Old Designator=J New Designator=J1
Change Component Designator: Old Designator=R3 New Designator=R57
Change Component Designator: Old Designator=R4 New Designator=R58
Change Component Designator: Old Designator=R5 New Designator=R3
Change Component Designator: Old Designator=R6 New Designator=R4
Change Component Designator: Old Designator=R7 New Designator=R5
Change Component Designator: Old Designator=R8 New Designator=R6
Change Component Designator: Old Designator=R9 New Designator=R7
Change Component Designator: Old Designator=R10 New Designator=R8
Change Component Designator: Old Designator=R11 New Designator=R41
Change Component Designator: Old Designator=R12 New Designator=R9
Change Component Designator: Old Designator=R13 New Designator=R43
Change Component Designator: Old Designator=R14 New Designator=R10
Change Component Designator: Old Designator=R15 New Designator=R11
Change Component Designator: Old Designator=R16 New Designator=R12
Change Component Designator: Old Designator=R17 New Designator=R13
Change Component Designator: Old Designator=R18 New Designator=R14
Change Component Designator: Old Designator=R19 New Designator=R15
Change Component Designator: Old Designator=R20 New Designator=R16
Change Component Designator: Old Designator=R21 New Designator=R17
Change Component Designator: Old Designator=R22 New Designator=R18
Change Component Designator: Old Designator=R23 New Designator=R19
Change Component Designator: Old Designator=R24 New Designator=R20
Change Component Designator: Old Designator=R25 New Designator=R46
Change Component Designator: Old Designator=R26 New Designator=R47
Change Component Designator: Old Designator=R27 New Designator=R21
Change Component Designator: Old Designator=R28 New Designator=R22
Change Component Designator: Old Designator=R29 New Designator=R23
Change Component Designator: Old Designator=R30 New Designator=R52
Change Component Designator: Old Designator=R31 New Designator=R53
Change Component Designator: Old Designator=R32 New Designator=R25
Change Component Designator: Old Designator=R33 New Designator=R26
Change Component Designator: Old Designator=R34 New Designator=R24
Change Component Designator: Old Designator=R35 New Designator=R27
Change Component Designator: Old Designator=R36 New Designator=R29
Change Component Designator: Old Designator=R37 New Designator=R30
Change Component Designator: Old Designator=R38 New Designator=R31
Change Component Designator: Old Designator=R39 New Designator=R32
Change Component Designator: Old Designator=R40 New Designator=R33
Change Component Designator: Old Designator=R41 New Designator=R34
Change Component Designator: Old Designator=R42 New Designator=R35
Change Component Designator: Old Designator=R43 New Designator=R36
Change Component Designator: Old Designator=R44 New Designator=R37
Change Component Designator: Old Designator=R45 New Designator=R38
Change Component Designator: Old Designator=R46 New Designator=R39
Change Component Designator: Old Designator=R47 New Designator=R40
Change Component Designator: Old Designator=R48 New Designator=R42
Change Component Designator: Old Designator=R49 New Designator=R44
Change Component Designator: Old Designator=R50 New Designator=R45
Change Component Designator: Old Designator=R52 New Designator=R54
Change Component Designator: Old Designator=R53 New Designator=R28
Change Component Designator: Old Designator=R54 New Designator=R56
Change Component Designator: Old Designator=R56 New Designator=R48
Change Component Designator: Old Designator=R57 New Designator=R49
Change Component Designator: Old Designator=R58 New Designator=R50
Change Component Designator: Old Designator=SW1 New Designator=SW2
Change Component Designator: Old Designator=SW2 New Designator=SW3
Change Component Designator: Old Designator=SW3 New Designator=SW4
Change Component Designator: Old Designator=SW4 New Designator=SW5
Change Component Designator: Old Designator=SW5 New Designator=SW6
Change Component Designator: Old Designator=SW6 New Designator=SW7
Change Component Designator: Old Designator=SW7 New Designator=SW1
Change Component Designator: Old Designator=T6 New Designator=T7
Change Component Designator: Old Designator=T7 New Designator=T8
Change Component Designator: Old Designator=T8 New Designator=T6
Change Component Designator: Old Designator=U6 New Designator=U7
Change Component Designator: Old Designator=U7 New Designator=U6
